Log file open, 01/12/18 21:15:31
LogWindows: Failed to load 'aqProf.dll' (GetLastError=126)
LogWindows: File 'aqProf.dll' does not exist
LogWindows: Failed to load 'VSPerf140.dll' (GetLastError=126)
LogWindows: File 'VSPerf140.dll' does not exist
LogWindows: Failed to load 'VtuneApi.dll' (GetLastError=126)
LogWindows: File 'VtuneApi.dll' does not exist
LogWindows: Failed to load 'VtuneApi32e.dll' (GetLastError=126)
LogWindows: File 'VtuneApi32e.dll' does not exist
LogInit: Display: Running engine for game: EscapeBuilding
LogPlatformFile: Not using cached read wrapper
LogInit: Display: RandInit(-1306994302) SRandInit(-1306994302).
LogInit: Read version file with build ID '3709383'
LogInit: Overriding engine version to CL 3794801, compatible CL 3709383
LogInit: Registered custom module enumerator with build ID '3709383'
LogTaskGraph: Started task graph with 5 named threads and 14 total threads with 3 sets of task threads.
LogStats: Stats thread started at 0.163217
LogD3D11RHI: Aftermath initialized
LogPluginManager: Mounting plugin Paper2D
LogPluginManager: Mounting plugin LightPropagationVolume
LogPluginManager: Mounting plugin CodeLiteSourceCodeAccess
LogPluginManager: Mounting plugin GitSourceControl
LogPluginManager: Mounting plugin KDevelopSourceCodeAccess
LogPluginManager: Mounting plugin NullSourceCodeAccess
LogPluginManager: Mounting plugin PerforceSourceControl
LogPluginManager: Mounting plugin SubversionSourceControl
LogPluginManager: Mounting plugin UObjectPlugin
LogPluginManager: Mounting plugin VisualStudioCodeSourceCodeAccess
LogPluginManager: Mounting plugin VisualStudioSourceCodeAccess
LogPluginManager: Mounting plugin XCodeSourceCodeAccess
LogPluginManager: Mounting plugin AssetManagerEditor
LogPluginManager: Mounting plugin AudioCapture
LogPluginManager: Mounting plugin FacialAnimation
LogPluginManager: Mounting plugin GameplayTagsEditor
LogPluginManager: Mounting plugin MobileLauncherProfileWizard
LogPluginManager: Mounting plugin PluginBrowser
LogPluginManager: Mounting plugin SpeedTreeImporter
LogPluginManager: Mounting plugin AlembicImporter
LogPluginManager: Mounting plugin CharacterAI
LogPluginManager: Mounting plugin HTML5Networking
LogPluginManager: Mounting plugin AndroidMedia
LogPluginManager: Mounting plugin AvfMedia
LogPluginManager: Mounting plugin ImgMedia
LogPluginManager: Mounting plugin MediaCompositing
LogPluginManager: Mounting plugin MediaPlayerEditor
LogPluginManager: Mounting plugin WmfMedia
LogPluginManager: Mounting plugin TcpMessaging
LogPluginManager: Mounting plugin UdpMessaging
LogPluginManager: Mounting plugin ActorSequence
LogPluginManager: Mounting plugin LevelSequenceEditor
LogPluginManager: Mounting plugin MatineeToLevelSequence
LogPluginManager: Mounting plugin OnlineSubsystemGooglePlay
LogPluginManager: Mounting plugin OnlineSubsystemIOS
LogPluginManager: Mounting plugin OnlineSubsystem
LogPluginManager: Mounting plugin OnlineSubsystemNull
LogPluginManager: Mounting plugin OnlineSubsystemUtils
LogPluginManager: Mounting plugin AndroidDeviceProfileSelector
LogPluginManager: Mounting plugin AndroidMoviePlayer
LogPluginManager: Mounting plugin AndroidPermission
LogPluginManager: Mounting plugin AppleARKit
LogPluginManager: Mounting plugin AppleMoviePlayer
LogPluginManager: Mounting plugin ArchVisCharacter
LogPluginManager: Mounting plugin CableComponent
LogPluginManager: Mounting plugin CustomMeshComponent
LogPluginManager: Mounting plugin ExampleDeviceProfileSelector
LogPluginManager: Mounting plugin GoogleCloudMessaging
LogPluginManager: Mounting plugin ImmediatePhysics
LogPluginManager: Mounting plugin IOSDeviceProfileSelector
LogPluginManager: Mounting plugin LinuxDeviceProfileSelector
LogPluginManager: Mounting plugin LocationServicesBPLibrary
LogPluginManager: Mounting plugin MobilePatchingUtils
LogPluginManager: Mounting plugin OculusVR
LogPluginManager: Plugin shader directory ../../../Engine/Plugins/Runtime/Oculus/OculusVR/Shaders found
LogPluginManager: Mapping shader source directory ../../../Engine/Plugins/Runtime/Oculus/OculusVR/Shaders to virtual directory /Plugin/OculusVR
LogPluginManager: Mounting plugin PhysXVehicles
LogPluginManager: Mounting plugin ProceduralMeshComponent
LogPluginManager: Mounting plugin RuntimePhysXCooking
LogPluginManager: Mounting plugin SteamVR
LogPluginManager: Mounting plugin WindowsMoviePlayer
LogModuleManager: Warning: Module file ../../../../../../Users/Ryan/source/repos/03_BuildingEscape/EscapeBuilding/Binaries/Win64/UE4Editor-EscapeBuilding-8929.dll is missing. This is likely a stale module that must be recompiled.
LogModuleManager: Display: Found up-to-date module file ../../../Engine/Plugins/2D/Paper2D/Binaries/Win64/UE4Editor-Paper2D.dll (API version 3709383).
LogModuleManager: Display: Found up-to-date module file ../../../Engine/Plugins/2D/Paper2D/Binaries/Win64/UE4Editor-Paper2DEditor.dll (API version 3709383).
LogModuleManager: Display: Found up-to-date module file ../../../Engine/Plugins/2D/Paper2D/Binaries/Win64/UE4Editor-PaperSpriteSheetImporter.dll (API version 3709383).
LogModuleManager: Display: Found up-to-date module file ../../../Engine/Plugins/2D/Paper2D/Binaries/Win64/UE4Editor-PaperTiledImporter.dll (API version 3709383).
LogModuleManager: Display: Found up-to-date module file ../../../Engine/Plugins/2D/Paper2D/Binaries/Win64/UE4Editor-SmartSnapping.dll (API version 3709383).
LogModuleManager: Display: Found up-to-date module file ../../../Engine/Plugins/Blendables/LightPropagationVolume/Binaries/Win64/UE4Editor-LightPropagationVolumeRuntime.dll (API version 3709383).
LogModuleManager: Display: Found up-to-date module file ../../../Engine/Plugins/Blendables/LightPropagationVolume/Binaries/Win64/UE4Editor-LightPropagationVolumeEditor.dll (API version 3709383).
LogModuleManager: Display: Found up-to-date module file ../../../Engine/Plugins/Developer/GitSourceControl/Binaries/Win64/UE4Editor-GitSourceControl.dll (API version 3709383).
LogModuleManager: Display: Found up-to-date module file ../../../Engine/Plugins/Developer/PerforceSourceControl/Binaries/Win64/UE4Editor-PerforceSourceControl.dll (API version 3709383).
LogModuleManager: Display: Found up-to-date module file ../../../Engine/Plugins/Developer/SubversionSourceControl/Binaries/Win64/UE4Editor-SubversionSourceControl.dll (API version 3709383).
LogModuleManager: Display: Found up-to-date module file ../../../Engine/Plugins/Developer/UObjectPlugin/Binaries/Win64/UE4Editor-UObjectPlugin.dll (API version 3709383).
LogModuleManager: Display: Found up-to-date module file ../../../Engine/Plugins/Developer/VisualStudioCodeSourceCodeAccess/Binaries/Win64/UE4Editor-VisualStudioCodeSourceCodeAccess.dll (API version 3709383).
LogModuleManager: Display: Found up-to-date module file ../../../Engine/Plugins/Developer/VisualStudioSourceCodeAccess/Binaries/Win64/UE4Editor-VisualStudioSourceCodeAccess.dll (API version 3709383).
LogModuleManager: Display: Found up-to-date module file ../../../Engine/Plugins/Editor/AssetManagerEditor/Binaries/Win64/UE4Editor-AssetManagerEditor.dll (API version 3709383).
LogModuleManager: Display: Found up-to-date module file ../../../Engine/Plugins/Editor/AudioCapture/Binaries/Win64/UE4Editor-AudioCapture.dll (API version 3709383).
LogModuleManager: Display: Found up-to-date module file ../../../Engine/Plugins/Editor/FacialAnimation/Binaries/Win64/UE4Editor-FacialAnimation.dll (API version 3709383).
LogModuleManager: Display: Found up-to-date module file ../../../Engine/Plugins/Editor/FacialAnimation/Binaries/Win64/UE4Editor-FacialAnimationEditor.dll (API version 3709383).
LogModuleManager: Display: Found up-to-date module file ../../../Engine/Plugins/Editor/GameplayTagsEditor/Binaries/Win64/UE4Editor-GameplayTagsEditor.dll (API version 3709383).
LogModuleManager: Display: Found up-to-date module file ../../../Engine/Plugins/Editor/MobileLauncherProfileWizard/Binaries/Win64/UE4Editor-MobileLauncherProfileWizard.dll (API version 3709383).
LogModuleManager: Display: Found up-to-date module file ../../../Engine/Plugins/Editor/PluginBrowser/Binaries/Win64/UE4Editor-PluginBrowser.dll (API version 3709383).
LogModuleManager: Display: Found up-to-date module file ../../../Engine/Plugins/Editor/SpeedTreeImporter/Binaries/Win64/UE4Editor-SpeedTreeImporter.dll (API version 3709383).
LogModuleManager: Display: Found up-to-date module file ../../../Engine/Plugins/Experimental/AlembicImporter/Binaries/Win64/UE4Editor-AlembicImporter.dll (API version 3709383).
LogModuleManager: Display: Found up-to-date module file ../../../Engine/Plugins/Experimental/AlembicImporter/Binaries/Win64/UE4Editor-AlembicLibrary.dll (API version 3709383).
LogModuleManager: Display: Found up-to-date module file ../../../Engine/Plugins/Experimental/CharacterAI/Binaries/Win64/UE4Editor-CharacterAI.dll (API version 3709383).
LogModuleManager: Display: Found up-to-date module file ../../../Engine/Plugins/Experimental/HTML5Networking/Binaries/Win64/UE4Editor-HTML5Networking.dll (API version 3709383).
LogModuleManager: Display: Found up-to-date module file ../../../Engine/Plugins/Media/AndroidMedia/Binaries/Win64/UE4Editor-AndroidMediaEditor.dll (API version 3709383).
LogModuleManager: Display: Found up-to-date module file ../../../Engine/Plugins/Media/AndroidMedia/Binaries/Win64/UE4Editor-AndroidMediaFactory.dll (API version 3709383).
LogModuleManager: Display: Found up-to-date module file ../../../Engine/Plugins/Media/AvfMedia/Binaries/Win64/UE4Editor-AvfMediaEditor.dll (API version 3709383).
LogModuleManager: Display: Found up-to-date module file ../../../Engine/Plugins/Media/AvfMedia/Binaries/Win64/UE4Editor-AvfMediaFactory.dll (API version 3709383).
LogModuleManager: Display: Found up-to-date module file ../../../Engine/Plugins/Media/AvfMedia/Binaries/Win64/UE4Editor-AvfMediaFactory.dll (API version 3709383).
LogModuleManager: Display: Found up-to-date module file ../../../Engine/Plugins/Media/ImgMedia/Binaries/Win64/UE4Editor-ImgMedia.dll (API version 3709383).
LogModuleManager: Display: Found up-to-date module file ../../../Engine/Plugins/Media/ImgMedia/Binaries/Win64/UE4Editor-ImgMediaEditor.dll (API version 3709383).
LogModuleManager: Display: Found up-to-date module file ../../../Engine/Plugins/Media/ImgMedia/Binaries/Win64/UE4Editor-ImgMediaFactory.dll (API version 3709383).
LogModuleManager: Display: Found up-to-date module file ../../../Engine/Plugins/Media/ImgMedia/Binaries/Win64/UE4Editor-ImgMediaFactory.dll (API version 3709383).
LogModuleManager: Display: Found up-to-date module file ../../../Engine/Plugins/Media/ImgMedia/Binaries/Win64/UE4Editor-OpenExrWrapper.dll (API version 3709383).
LogModuleManager: Display: Found up-to-date module file ../../../Engine/Plugins/Media/MediaCompositing/Binaries/Win64/UE4Editor-MediaCompositing.dll (API version 3709383).
LogModuleManager: Display: Found up-to-date module file ../../../Engine/Plugins/Media/MediaCompositing/Binaries/Win64/UE4Editor-MediaCompositingEditor.dll (API version 3709383).
LogModuleManager: Display: Found up-to-date module file ../../../Engine/Plugins/Media/MediaPlayerEditor/Binaries/Win64/UE4Editor-MediaPlayerEditor.dll (API version 3709383).
LogModuleManager: Display: Found up-to-date module file ../../../Engine/Plugins/Media/WmfMedia/Binaries/Win64/UE4Editor-WmfMedia.dll (API version 3709383).
LogModuleManager: Display: Found up-to-date module file ../../../Engine/Plugins/Media/WmfMedia/Binaries/Win64/UE4Editor-WmfMediaEditor.dll (API version 3709383).
LogModuleManager: Display: Found up-to-date module file ../../../Engine/Plugins/Media/WmfMedia/Binaries/Win64/UE4Editor-WmfMediaFactory.dll (API version 3709383).
LogModuleManager: Display: Found up-to-date module file ../../../Engine/Plugins/Media/WmfMedia/Binaries/Win64/UE4Editor-WmfMediaFactory.dll (API version 3709383).
LogModuleManager: Display: Found up-to-date module file ../../../Engine/Plugins/Messaging/TcpMessaging/Binaries/Win64/UE4Editor-TcpMessaging.dll (API version 3709383).
LogModuleManager: Display: Found up-to-date module file ../../../Engine/Plugins/Messaging/UdpMessaging/Binaries/Win64/UE4Editor-UdpMessaging.dll (API version 3709383).
LogModuleManager: Display: Found up-to-date module file ../../../Engine/Plugins/MovieScene/ActorSequence/Binaries/Win64/UE4Editor-ActorSequence.dll (API version 3709383).
LogModuleManager: Display: Found up-to-date module file ../../../Engine/Plugins/MovieScene/LevelSequenceEditor/Binaries/Win64/UE4Editor-LevelSequenceEditor.dll (API version 3709383).
LogModuleManager: Display: Found up-to-date module file ../../../Engine/Plugins/MovieScene/MatineeToLevelSequence/Binaries/Win64/UE4Editor-MatineeToLevelSequence.dll (API version 3709383).
LogModuleManager: Display: Found up-to-date module file ../../../Engine/Plugins/Online/OnlineSubsystem/Binaries/Win64/UE4Editor-OnlineSubsystem.dll (API version 3709383).
LogModuleManager: Display: Found up-to-date module file ../../../Engine/Plugins/Online/OnlineSubsystemNull/Binaries/Win64/UE4Editor-OnlineSubsystemNull.dll (API version 3709383).
LogModuleManager: Display: Found up-to-date module file ../../../Engine/Plugins/Online/OnlineSubsystemUtils/Binaries/Win64/UE4Editor-OnlineSubsystemUtils.dll (API version 3709383).
LogModuleManager: Display: Found up-to-date module file ../../../Engine/Plugins/Online/OnlineSubsystemUtils/Binaries/Win64/UE4Editor-OnlineBlueprintSupport.dll (API version 3709383).
LogModuleManager: Display: Found up-to-date module file ../../../Engine/Plugins/Runtime/AndroidDeviceProfileSelector/Binaries/Win64/UE4Editor-AndroidDeviceProfileSelector.dll (API version 3709383).
LogModuleManager: Display: Found up-to-date module file ../../../Engine/Plugins/Runtime/AndroidPermission/Binaries/Win64/UE4Editor-AndroidPermission.dll (API version 3709383).
LogModuleManager: Display: Found up-to-date module file ../../../Engine/Plugins/Runtime/AppleARKit/Binaries/Win64/UE4Editor-AppleARKit.dll (API version 3709383).
LogModuleManager: Display: Found up-to-date module file ../../../Engine/Plugins/Runtime/ArchVisCharacter/Binaries/Win64/UE4Editor-ArchVisCharacter.dll (API version 3709383).
LogModuleManager: Display: Found up-to-date module file ../../../Engine/Plugins/Runtime/CableComponent/Binaries/Win64/UE4Editor-CableComponent.dll (API version 3709383).
LogModuleManager: Display: Found up-to-date module file ../../../Engine/Plugins/Runtime/CustomMeshComponent/Binaries/Win64/UE4Editor-CustomMeshComponent.dll (API version 3709383).
LogModuleManager: Display: Found up-to-date module file ../../../Engine/Plugins/Runtime/ExampleDeviceProfileSelector/Binaries/Win64/UE4Editor-ExampleDeviceProfileSelector.dll (API version 3709383).
LogModuleManager: Display: Found up-to-date module file ../../../Engine/Plugins/Runtime/ImmediatePhysics/Binaries/Win64/UE4Editor-ImmediatePhysics.dll (API version 3709383).
LogModuleManager: Display: Found up-to-date module file ../../../Engine/Plugins/Runtime/ImmediatePhysics/Binaries/Win64/UE4Editor-ImmediatePhysicsEditor.dll (API version 3709383).
LogModuleManager: Display: Found up-to-date module file ../../../Engine/Plugins/Runtime/LocationServicesBPLibrary/Binaries/Win64/UE4Editor-LocationServicesBPLibrary.dll (API version 3709383).
LogModuleManager: Display: Found up-to-date module file ../../../Engine/Plugins/Runtime/MobilePatchingUtils/Binaries/Win64/UE4Editor-MobilePatchingUtils.dll (API version 3709383).
LogModuleManager: Display: Found up-to-date module file ../../../Engine/Plugins/Runtime/Oculus/OculusVR/Binaries/Win64/UE4Editor-OculusHMD.dll (API version 3709383).
LogModuleManager: Display: Found up-to-date module file ../../../Engine/Plugins/Runtime/Oculus/OculusVR/Binaries/Win64/UE4Editor-OculusInput.dll (API version 3709383).
LogModuleManager: Display: Found up-to-date module file ../../../Engine/Plugins/Runtime/Oculus/OculusVR/Binaries/Win64/UE4Editor-OculusEditor.dll (API version 3709383).
LogModuleManager: Display: Found up-to-date module file ../../../Engine/Plugins/Runtime/PhysXVehicles/Binaries/Win64/UE4Editor-PhysXVehicles.dll (API version 3709383).
LogModuleManager: Display: Found up-to-date module file ../../../Engine/Plugins/Runtime/PhysXVehicles/Binaries/Win64/UE4Editor-PhysXVehiclesEditor.dll (API version 3709383).
LogModuleManager: Display: Found up-to-date module file ../../../Engine/Plugins/Runtime/ProceduralMeshComponent/Binaries/Win64/UE4Editor-ProceduralMeshComponent.dll (API version 3709383).
LogModuleManager: Display: Found up-to-date module file ../../../Engine/Plugins/Runtime/ProceduralMeshComponent/Binaries/Win64/UE4Editor-ProceduralMeshComponentEditor.dll (API version 3709383).
LogModuleManager: Display: Found up-to-date module file ../../../Engine/Plugins/Runtime/RuntimePhysXCooking/Binaries/Win64/UE4Editor-RuntimePhysXCooking.dll (API version 3709383).
LogModuleManager: Display: Found up-to-date module file ../../../Engine/Plugins/Runtime/Steam/SteamVR/Binaries/Win64/UE4Editor-SteamVR.dll (API version 3709383).
LogModuleManager: Display: Found up-to-date module file ../../../Engine/Plugins/Runtime/Steam/SteamVR/Binaries/Win64/UE4Editor-SteamVRController.dll (API version 3709383).
LogModuleManager: Display: Found up-to-date module file ../../../Engine/Plugins/Runtime/WindowsMoviePlayer/Binaries/Win64/UE4Editor-WindowsMoviePlayer.dll (API version 3709383).
LogInit: Warning: Incompatible or missing module: UE4Editor-EscapeBuilding.dll
Running C:/Program Files/Epic Games/UE_4.18/Engine/Binaries/DotNET/UnrealBuildTool.exe EscapeBuilding Development Win64 -project="C:/Users/Ryan/source/repos/03_BuildingEscape/EscapeBuilding/EscapeBuilding.uproject" -editorrecompile -progress -NoHotReloadFromIDE
Using 'git status' to determine working set for adaptive non-unity build.
Creating makefile for EscapeBuilding (no existing makefile)
@progress push 5%
@progress pop
Deleting old hot reload file: "C:\Users\Ryan\source\repos\03_BuildingEscape\EscapeBuilding\Binaries\Win64\UE4Editor-EscapeBuilding-150.dll".
Deleting old hot reload file: "C:\Users\Ryan\source\repos\03_BuildingEscape\EscapeBuilding\Binaries\Win64\UE4Editor-EscapeBuilding-150.pdb".
Deleting old hot reload file: "C:\Users\Ryan\source\repos\03_BuildingEscape\EscapeBuilding\Binaries\Win64\UE4Editor-EscapeBuilding-1727.dll".
Deleting old hot reload file: "C:\Users\Ryan\source\repos\03_BuildingEscape\EscapeBuilding\Binaries\Win64\UE4Editor-EscapeBuilding-1727.pdb".
Deleting old hot reload file: "C:\Users\Ryan\source\repos\03_BuildingEscape\EscapeBuilding\Binaries\Win64\UE4Editor-EscapeBuilding-1823.dll".
Deleting old hot reload file: "C:\Users\Ryan\source\repos\03_BuildingEscape\EscapeBuilding\Binaries\Win64\UE4Editor-EscapeBuilding-1823.pdb".
Deleting old hot reload file: "C:\Users\Ryan\source\repos\03_BuildingEscape\EscapeBuilding\Binaries\Win64\UE4Editor-EscapeBuilding-2300.dll".
Deleting old hot reload file: "C:\Users\Ryan\source\repos\03_BuildingEscape\EscapeBuilding\Binaries\Win64\UE4Editor-EscapeBuilding-2300.pdb".
Deleting old hot reload file: "C:\Users\Ryan\source\repos\03_BuildingEscape\EscapeBuilding\Binaries\Win64\UE4Editor-EscapeBuilding-321.dll".
Deleting old hot reload file: "C:\Users\Ryan\source\repos\03_BuildingEscape\EscapeBuilding\Binaries\Win64\UE4Editor-EscapeBuilding-321.pdb".
Deleting old hot reload file: "C:\Users\Ryan\source\repos\03_BuildingEscape\EscapeBuilding\Binaries\Win64\UE4Editor-EscapeBuilding-3709.dll".
Deleting old hot reload file: "C:\Users\Ryan\source\repos\03_BuildingEscape\EscapeBuilding\Binaries\Win64\UE4Editor-EscapeBuilding-3709.pdb".
Deleting old hot reload file: "C:\Users\Ryan\source\repos\03_BuildingEscape\EscapeBuilding\Binaries\Win64\UE4Editor-EscapeBuilding-4446.dll".
Deleting old hot reload file: "C:\Users\Ryan\source\repos\03_BuildingEscape\EscapeBuilding\Binaries\Win64\UE4Editor-EscapeBuilding-4446.pdb".
Deleting old hot reload file: "C:\Users\Ryan\source\repos\03_BuildingEscape\EscapeBuilding\Binaries\Win64\UE4Editor-EscapeBuilding-4619.dll".
Deleting old hot reload file: "C:\Users\Ryan\source\repos\03_BuildingEscape\EscapeBuilding\Binaries\Win64\UE4Editor-EscapeBuilding-4619.pdb".
Deleting old hot reload file: "C:\Users\Ryan\source\repos\03_BuildingEscape\EscapeBuilding\Binaries\Win64\UE4Editor-EscapeBuilding-6056.dll".
Unable to delete old hot reload file: "C:\Users\Ryan\source\repos\03_BuildingEscape\EscapeBuilding\Binaries\Win64\UE4Editor-EscapeBuilding-6056.dll". Error: Access to the path 'C:\Users\Ryan\source\repos\03_BuildingEscape\EscapeBuilding\Binaries\Win64\UE4Editor-EscapeBuilding-6056.dll' is denied.
Deleting old hot reload file: "C:\Users\Ryan\source\repos\03_BuildingEscape\EscapeBuilding\Binaries\Win64\UE4Editor-EscapeBuilding-6056.pdb".
Deleting old hot reload file: "C:\Users\Ryan\source\repos\03_BuildingEscape\EscapeBuilding\Binaries\Win64\UE4Editor-EscapeBuilding-6120.dll".
Unable to delete old hot reload file: "C:\Users\Ryan\source\repos\03_BuildingEscape\EscapeBuilding\Binaries\Win64\UE4Editor-EscapeBuilding-6120.dll". Error: Access to the path 'C:\Users\Ryan\source\repos\03_BuildingEscape\EscapeBuilding\Binaries\Win64\UE4Editor-EscapeBuilding-6120.dll' is denied.
Deleting old hot reload file: "C:\Users\Ryan\source\repos\03_BuildingEscape\EscapeBuilding\Binaries\Win64\UE4Editor-EscapeBuilding-6120.pdb".
Deleting old hot reload file: "C:\Users\Ryan\source\repos\03_BuildingEscape\EscapeBuilding\Binaries\Win64\UE4Editor-EscapeBuilding-8445.dll".
Deleting old hot reload file: "C:\Users\Ryan\source\repos\03_BuildingEscape\EscapeBuilding\Binaries\Win64\UE4Editor-EscapeBuilding-8445.pdb".
Deleting old hot reload file: "C:\Users\Ryan\source\repos\03_BuildingEscape\EscapeBuilding\Binaries\Win64\UE4Editor-EscapeBuilding-8821.dll".
Deleting old hot reload file: "C:\Users\Ryan\source\repos\03_BuildingEscape\EscapeBuilding\Binaries\Win64\UE4Editor-EscapeBuilding-8821.pdb".
Deleting old hot reload file: "C:\Users\Ryan\source\repos\03_BuildingEscape\EscapeBuilding\Binaries\Win64\UE4Editor-EscapeBuilding-9104.dll".
Unable to delete old hot reload file: "C:\Users\Ryan\source\repos\03_BuildingEscape\EscapeBuilding\Binaries\Win64\UE4Editor-EscapeBuilding-9104.dll". Error: Access to the path 'C:\Users\Ryan\source\repos\03_BuildingEscape\EscapeBuilding\Binaries\Win64\UE4Editor-EscapeBuilding-9104.dll' is denied.
Deleting old hot reload file: "C:\Users\Ryan\source\repos\03_BuildingEscape\EscapeBuilding\Binaries\Win64\UE4Editor-EscapeBuilding-9104.pdb".
Deleting old hot reload file: "C:\Users\Ryan\source\repos\03_BuildingEscape\EscapeBuilding\Binaries\Win64\UE4Editor-EscapeBuilding-9431.dll".
Deleting old hot reload file: "C:\Users\Ryan\source\repos\03_BuildingEscape\EscapeBuilding\Binaries\Win64\UE4Editor-EscapeBuilding-9431.pdb".
Performing 1 actions (4 in parallel)
[1/1] Link UE4Editor-EscapeBuilding.dll
   Creating library C:\Users\Ryan\source\repos\03_BuildingEscape\EscapeBuilding\Intermediate\Build\Win64\UE4Editor\Development\UE4Editor-EscapeBuilding.suppressed.lib and object C:\Users\Ryan\source\repos\03_BuildingEscape\EscapeBuilding\Intermediate\Build\Win64\UE4Editor\Development\UE4Editor-EscapeBuilding.suppressed.exp
Total build time: 4.67 seconds (Local executor: 0.71 seconds)
LogModuleManager: Display: Found up-to-date module file ../../../../../../Users/Ryan/source/repos/03_BuildingEscape/EscapeBuilding/Binaries/Win64/UE4Editor-EscapeBuilding.dll (API version 3709383).
LogModuleManager: Display: Found up-to-date module file ../../../Engine/Plugins/2D/Paper2D/Binaries/Win64/UE4Editor-Paper2D.dll (API version 3709383).
LogModuleManager: Display: Found up-to-date module file ../../../Engine/Plugins/2D/Paper2D/Binaries/Win64/UE4Editor-Paper2DEditor.dll (API version 3709383).
LogModuleManager: Display: Found up-to-date module file ../../../Engine/Plugins/2D/Paper2D/Binaries/Win64/UE4Editor-PaperSpriteSheetImporter.dll (API version 3709383).
LogModuleManager: Display: Found up-to-date module file ../../../Engine/Plugins/2D/Paper2D/Binaries/Win64/UE4Editor-PaperTiledImporter.dll (API version 3709383).
LogModuleManager: Display: Found up-to-date module file ../../../Engine/Plugins/2D/Paper2D/Binaries/Win64/UE4Editor-SmartSnapping.dll (API version 3709383).
LogModuleManager: Display: Found up-to-date module file ../../../Engine/Plugins/Blendables/LightPropagationVolume/Binaries/Win64/UE4Editor-LightPropagationVolumeRuntime.dll (API version 3709383).
LogModuleManager: Display: Found up-to-date module file ../../../Engine/Plugins/Blendables/LightPropagationVolume/Binaries/Win64/UE4Editor-LightPropagationVolumeEditor.dll (API version 3709383).
LogModuleManager: Display: Found up-to-date module file ../../../Engine/Plugins/Developer/GitSourceControl/Binaries/Win64/UE4Editor-GitSourceControl.dll (API version 3709383).
LogModuleManager: Display: Found up-to-date module file ../../../Engine/Plugins/Developer/PerforceSourceControl/Binaries/Win64/UE4Editor-PerforceSourceControl.dll (API version 3709383).
LogModuleManager: Display: Found up-to-date module file ../../../Engine/Plugins/Developer/SubversionSourceControl/Binaries/Win64/UE4Editor-SubversionSourceControl.dll (API version 3709383).
LogModuleManager: Display: Found up-to-date module file ../../../Engine/Plugins/Developer/UObjectPlugin/Binaries/Win64/UE4Editor-UObjectPlugin.dll (API version 3709383).
LogModuleManager: Display: Found up-to-date module file ../../../Engine/Plugins/Developer/VisualStudioCodeSourceCodeAccess/Binaries/Win64/UE4Editor-VisualStudioCodeSourceCodeAccess.dll (API version 3709383).
LogModuleManager: Display: Found up-to-date module file ../../../Engine/Plugins/Developer/VisualStudioSourceCodeAccess/Binaries/Win64/UE4Editor-VisualStudioSourceCodeAccess.dll (API version 3709383).
LogModuleManager: Display: Found up-to-date module file ../../../Engine/Plugins/Editor/AssetManagerEditor/Binaries/Win64/UE4Editor-AssetManagerEditor.dll (API version 3709383).
LogModuleManager: Display: Found up-to-date module file ../../../Engine/Plugins/Editor/AudioCapture/Binaries/Win64/UE4Editor-AudioCapture.dll (API version 3709383).
LogModuleManager: Display: Found up-to-date module file ../../../Engine/Plugins/Editor/FacialAnimation/Binaries/Win64/UE4Editor-FacialAnimation.dll (API version 3709383).
LogModuleManager: Display: Found up-to-date module file ../../../Engine/Plugins/Editor/FacialAnimation/Binaries/Win64/UE4Editor-FacialAnimationEditor.dll (API version 3709383).
LogModuleManager: Display: Found up-to-date module file ../../../Engine/Plugins/Editor/GameplayTagsEditor/Binaries/Win64/UE4Editor-GameplayTagsEditor.dll (API version 3709383).
LogModuleManager: Display: Found up-to-date module file ../../../Engine/Plugins/Editor/MobileLauncherProfileWizard/Binaries/Win64/UE4Editor-MobileLauncherProfileWizard.dll (API version 3709383).
LogModuleManager: Display: Found up-to-date module file ../../../Engine/Plugins/Editor/PluginBrowser/Binaries/Win64/UE4Editor-PluginBrowser.dll (API version 3709383).
LogModuleManager: Display: Found up-to-date module file ../../../Engine/Plugins/Editor/SpeedTreeImporter/Binaries/Win64/UE4Editor-SpeedTreeImporter.dll (API version 3709383).
LogModuleManager: Display: Found up-to-date module file ../../../Engine/Plugins/Experimental/AlembicImporter/Binaries/Win64/UE4Editor-AlembicImporter.dll (API version 3709383).
LogModuleManager: Display: Found up-to-date module file ../../../Engine/Plugins/Experimental/AlembicImporter/Binaries/Win64/UE4Editor-AlembicLibrary.dll (API version 3709383).
LogModuleManager: Display: Found up-to-date module file ../../../Engine/Plugins/Experimental/CharacterAI/Binaries/Win64/UE4Editor-CharacterAI.dll (API version 3709383).
LogModuleManager: Display: Found up-to-date module file ../../../Engine/Plugins/Experimental/HTML5Networking/Binaries/Win64/UE4Editor-HTML5Networking.dll (API version 3709383).
LogModuleManager: Display: Found up-to-date module file ../../../Engine/Plugins/Media/AndroidMedia/Binaries/Win64/UE4Editor-AndroidMediaEditor.dll (API version 3709383).
LogModuleManager: Display: Found up-to-date module file ../../../Engine/Plugins/Media/AndroidMedia/Binaries/Win64/UE4Editor-AndroidMediaFactory.dll (API version 3709383).
LogModuleManager: Display: Found up-to-date module file ../../../Engine/Plugins/Media/AvfMedia/Binaries/Win64/UE4Editor-AvfMediaEditor.dll (API version 3709383).
LogModuleManager: Display: Found up-to-date module file ../../../Engine/Plugins/Media/AvfMedia/Binaries/Win64/UE4Editor-AvfMediaFactory.dll (API version 3709383).
LogModuleManager: Display: Found up-to-date module file ../../../Engine/Plugins/Media/AvfMedia/Binaries/Win64/UE4Editor-AvfMediaFactory.dll (API version 3709383).
LogModuleManager: Display: Found up-to-date module file ../../../Engine/Plugins/Media/ImgMedia/Binaries/Win64/UE4Editor-ImgMedia.dll (API version 3709383).
LogModuleManager: Display: Found up-to-date module file ../../../Engine/Plugins/Media/ImgMedia/Binaries/Win64/UE4Editor-ImgMediaEditor.dll (API version 3709383).
LogModuleManager: Display: Found up-to-date module file ../../../Engine/Plugins/Media/ImgMedia/Binaries/Win64/UE4Editor-ImgMediaFactory.dll (API version 3709383).
LogModuleManager: Display: Found up-to-date module file ../../../Engine/Plugins/Media/ImgMedia/Binaries/Win64/UE4Editor-ImgMediaFactory.dll (API version 3709383).
LogModuleManager: Display: Found up-to-date module file ../../../Engine/Plugins/Media/ImgMedia/Binaries/Win64/UE4Editor-OpenExrWrapper.dll (API version 3709383).
LogModuleManager: Display: Found up-to-date module file ../../../Engine/Plugins/Media/MediaCompositing/Binaries/Win64/UE4Editor-MediaCompositing.dll (API version 3709383).
LogModuleManager: Display: Found up-to-date module file ../../../Engine/Plugins/Media/MediaCompositing/Binaries/Win64/UE4Editor-MediaCompositingEditor.dll (API version 3709383).
LogModuleManager: Display: Found up-to-date module file ../../../Engine/Plugins/Media/MediaPlayerEditor/Binaries/Win64/UE4Editor-MediaPlayerEditor.dll (API version 3709383).
LogModuleManager: Display: Found up-to-date module file ../../../Engine/Plugins/Media/WmfMedia/Binaries/Win64/UE4Editor-WmfMedia.dll (API version 3709383).
LogModuleManager: Display: Found up-to-date module file ../../../Engine/Plugins/Media/WmfMedia/Binaries/Win64/UE4Editor-WmfMediaEditor.dll (API version 3709383).
LogModuleManager: Display: Found up-to-date module file ../../../Engine/Plugins/Media/WmfMedia/Binaries/Win64/UE4Editor-WmfMediaFactory.dll (API version 3709383).
LogModuleManager: Display: Found up-to-date module file ../../../Engine/Plugins/Media/WmfMedia/Binaries/Win64/UE4Editor-WmfMediaFactory.dll (API version 3709383).
LogModuleManager: Display: Found up-to-date module file ../../../Engine/Plugins/Messaging/TcpMessaging/Binaries/Win64/UE4Editor-TcpMessaging.dll (API version 3709383).
LogModuleManager: Display: Found up-to-date module file ../../../Engine/Plugins/Messaging/UdpMessaging/Binaries/Win64/UE4Editor-UdpMessaging.dll (API version 3709383).
LogModuleManager: Display: Found up-to-date module file ../../../Engine/Plugins/MovieScene/ActorSequence/Binaries/Win64/UE4Editor-ActorSequence.dll (API version 3709383).
LogModuleManager: Display: Found up-to-date module file ../../../Engine/Plugins/MovieScene/LevelSequenceEditor/Binaries/Win64/UE4Editor-LevelSequenceEditor.dll (API version 3709383).
LogModuleManager: Display: Found up-to-date module file ../../../Engine/Plugins/MovieScene/MatineeToLevelSequence/Binaries/Win64/UE4Editor-MatineeToLevelSequence.dll (API version 3709383).
LogModuleManager: Display: Found up-to-date module file ../../../Engine/Plugins/Online/OnlineSubsystem/Binaries/Win64/UE4Editor-OnlineSubsystem.dll (API version 3709383).
LogModuleManager: Display: Found up-to-date module file ../../../Engine/Plugins/Online/OnlineSubsystemNull/Binaries/Win64/UE4Editor-OnlineSubsystemNull.dll (API version 3709383).
LogModuleManager: Display: Found up-to-date module file ../../../Engine/Plugins/Online/OnlineSubsystemUtils/Binaries/Win64/UE4Editor-OnlineSubsystemUtils.dll (API version 3709383).
LogModuleManager: Display: Found up-to-date module file ../../../Engine/Plugins/Online/OnlineSubsystemUtils/Binaries/Win64/UE4Editor-OnlineBlueprintSupport.dll (API version 3709383).
LogModuleManager: Display: Found up-to-date module file ../../../Engine/Plugins/Runtime/AndroidDeviceProfileSelector/Binaries/Win64/UE4Editor-AndroidDeviceProfileSelector.dll (API version 3709383).
LogModuleManager: Display: Found up-to-date module file ../../../Engine/Plugins/Runtime/AndroidPermission/Binaries/Win64/UE4Editor-AndroidPermission.dll (API version 3709383).
LogModuleManager: Display: Found up-to-date module file ../../../Engine/Plugins/Runtime/AppleARKit/Binaries/Win64/UE4Editor-AppleARKit.dll (API version 3709383).
LogModuleManager: Display: Found up-to-date module file ../../../Engine/Plugins/Runtime/ArchVisCharacter/Binaries/Win64/UE4Editor-ArchVisCharacter.dll (API version 3709383).
LogModuleManager: Display: Found up-to-date module file ../../../Engine/Plugins/Runtime/CableComponent/Binaries/Win64/UE4Editor-CableComponent.dll (API version 3709383).
LogModuleManager: Display: Found up-to-date module file ../../../Engine/Plugins/Runtime/CustomMeshComponent/Binaries/Win64/UE4Editor-CustomMeshComponent.dll (API version 3709383).
LogModuleManager: Display: Found up-to-date module file ../../../Engine/Plugins/Runtime/ExampleDeviceProfileSelector/Binaries/Win64/UE4Editor-ExampleDeviceProfileSelector.dll (API version 3709383).
LogModuleManager: Display: Found up-to-date module file ../../../Engine/Plugins/Runtime/ImmediatePhysics/Binaries/Win64/UE4Editor-ImmediatePhysics.dll (API version 3709383).
LogModuleManager: Display: Found up-to-date module file ../../../Engine/Plugins/Runtime/ImmediatePhysics/Binaries/Win64/UE4Editor-ImmediatePhysicsEditor.dll (API version 3709383).
LogModuleManager: Display: Found up-to-date module file ../../../Engine/Plugins/Runtime/LocationServicesBPLibrary/Binaries/Win64/UE4Editor-LocationServicesBPLibrary.dll (API version 3709383).
LogModuleManager: Display: Found up-to-date module file ../../../Engine/Plugins/Runtime/MobilePatchingUtils/Binaries/Win64/UE4Editor-MobilePatchingUtils.dll (API version 3709383).
LogModuleManager: Display: Found up-to-date module file ../../../Engine/Plugins/Runtime/Oculus/OculusVR/Binaries/Win64/UE4Editor-OculusHMD.dll (API version 3709383).
LogModuleManager: Display: Found up-to-date module file ../../../Engine/Plugins/Runtime/Oculus/OculusVR/Binaries/Win64/UE4Editor-OculusInput.dll (API version 3709383).
LogModuleManager: Display: Found up-to-date module file ../../../Engine/Plugins/Runtime/Oculus/OculusVR/Binaries/Win64/UE4Editor-OculusEditor.dll (API version 3709383).
LogModuleManager: Display: Found up-to-date module file ../../../Engine/Plugins/Runtime/PhysXVehicles/Binaries/Win64/UE4Editor-PhysXVehicles.dll (API version 3709383).
LogModuleManager: Display: Found up-to-date module file ../../../Engine/Plugins/Runtime/PhysXVehicles/Binaries/Win64/UE4Editor-PhysXVehiclesEditor.dll (API version 3709383).
LogModuleManager: Display: Found up-to-date module file ../../../Engine/Plugins/Runtime/ProceduralMeshComponent/Binaries/Win64/UE4Editor-ProceduralMeshComponent.dll (API version 3709383).
LogModuleManager: Display: Found up-to-date module file ../../../Engine/Plugins/Runtime/ProceduralMeshComponent/Binaries/Win64/UE4Editor-ProceduralMeshComponentEditor.dll (API version 3709383).
LogModuleManager: Display: Found up-to-date module file ../../../Engine/Plugins/Runtime/RuntimePhysXCooking/Binaries/Win64/UE4Editor-RuntimePhysXCooking.dll (API version 3709383).
LogModuleManager: Display: Found up-to-date module file ../../../Engine/Plugins/Runtime/Steam/SteamVR/Binaries/Win64/UE4Editor-SteamVR.dll (API version 3709383).
LogModuleManager: Display: Found up-to-date module file ../../../Engine/Plugins/Runtime/Steam/SteamVR/Binaries/Win64/UE4Editor-SteamVRController.dll (API version 3709383).
LogModuleManager: Display: Found up-to-date module file ../../../Engine/Plugins/Runtime/WindowsMoviePlayer/Binaries/Win64/UE4Editor-WindowsMoviePlayer.dll (API version 3709383).
LogInit: Using libcurl 7.47.1
LogInit:  - built for x86_64-pc-win32
LogInit:  - supports SSL with OpenSSL/1.0.2g
LogInit:  - supports HTTP deflate (compression) using libz 1.2.8
LogInit:  - other features:
LogInit:      CURL_VERSION_SSL
LogInit:      CURL_VERSION_LIBZ
LogInit:      CURL_VERSION_IPV6
LogInit:      CURL_VERSION_ASYNCHDNS
LogInit:      CURL_VERSION_LARGEFILE
LogInit:      CURL_VERSION_IDN
LogInit:  CurlRequestOptions (configurable via config and command line):
LogInit:  - bVerifyPeer = false  - Libcurl will NOT verify peer certificate
LogInit:  - bUseHttpProxy = false  - Libcurl will NOT use HTTP proxy
LogInit:  - bDontReuseConnections = false  - Libcurl will reuse connections
LogInit:  - CertBundlePath = nullptr  - Libcurl will use whatever was configured at build time.
LogInit: Build: ++UE4+Release-4.18-CL-3794801
LogInit: Engine Version: 4.18.2-3794801+++UE4+Release-4.18
LogInit: Compatible Engine Version: 4.18.0-3709383+++UE4+Release-4.18
LogInit: Net CL: 3709383
LogDevObjectVersion: Number of dev versions registered: 16
LogDevObjectVersion:   Dev-Blueprints (B0D832E4-1F89-4F0D-ACCF-7EB736FD4AA2): 10
LogDevObjectVersion:   Dev-Build (E1C64328-A22C-4D53-A36C-8E866417BD8C): 0
LogDevObjectVersion:   Dev-Core (375EC13C-06E4-48FB-B500-84F0262A717E): 2
LogDevObjectVersion:   Dev-Editor (E4B068ED-F494-42E9-A231-DA0B2E46BB41): 20
LogDevObjectVersion:   Dev-Framework (CFFC743F-43B0-4480-9391-14DF171D2073): 30
LogDevObjectVersion:   Dev-Mobile (B02B49B5-BB20-44E9-A304-32B752E40360): 0
LogDevObjectVersion:   Dev-Networking (A4E4105C-59A1-49B5-A7C5-40C4547EDFEE): 0
LogDevObjectVersion:   Dev-Online (39C831C9-5AE6-47DC-9A44-9C173E1C8E7C): 0
LogDevObjectVersion:   Dev-Physics (78F01B33-EBEA-4F98-B9B4-84EACCB95AA2): 0
LogDevObjectVersion:   Dev-Platform (6631380F-2D4D-43E0-8009-CF276956A95A): 0
LogDevObjectVersion:   Dev-Rendering (12F88B9F-8875-4AFC-A67C-D90C383ABD29): 20
LogDevObjectVersion:   Dev-Sequencer (7B5AE74C-D270-4C10-A958-57980B212A5A): 4
LogDevObjectVersion:   Dev-VR (D7296918-1DD6-4BDD-9DE2-64A83CC13884): 0
LogDevObjectVersion:   Dev-LoadTimes (C2A15278-BFE7-4AFE-6C17-90FF531DF755): 1
LogDevObjectVersion:   Private-Geometry (6EACA3D4-40EC-4CC1-B786-8BED09428FC5): 1
LogDevObjectVersion:   Dev-AnimPhys (29E575DD-E0A3-4627-9D10-D276232CDCEA): 12
LogInit: Compiled (64-bit): Dec  8 2017 02:04:53
LogInit: Compiled with Visual C++: 19.00.24215.01
LogInit: Build Configuration: Development
LogInit: Branch Name: ++UE4+Release-4.18
LogInit: Command line:  -skipcompile
LogInit: Base directory: C:/Program Files/Epic Games/UE_4.18/Engine/Binaries/Win64/
LogInit: Installed Engine Build: 1
LogInit: Presizing for max 8388607 objects, including 0 objects not considered by GC, pre-allocating 0 bytes for permanent pool.
LogInit: Object subsystem initialized
[2018.01.13-05.15.54:854][  0]LogInit: Selected Device Profile: [Windows]
[2018.01.13-05.15.54:854][  0]LogInit: Applying CVar settings loaded from the selected device profile: [Windows]
[2018.01.13-05.15.54:891][  0]LogInit: Computer: RYAN
[2018.01.13-05.15.54:891][  0]LogInit: User: Ryan
[2018.01.13-05.15.54:891][  0]LogInit: CPU Page size=4096, Cores=4
[2018.01.13-05.15.54:891][  0]LogInit: High frequency timer resolution =3.415989 MHz
[2018.01.13-05.15.54:892][  0]LogMemory: Memory total: Physical=7.9GB (8GB approx)
[2018.01.13-05.15.54:892][  0]LogMemory: Platform Memory Stats for Windows
[2018.01.13-05.15.54:892][  0]LogMemory: Process Physical Memory: 271.12 MB used, 271.12 MB peak
[2018.01.13-05.15.54:892][  0]LogMemory: Process Virtual Memory: 263.72 MB used, 263.72 MB peak
[2018.01.13-05.15.54:892][  0]LogMemory: Physical Memory: 5410.22 MB used,  2723.82 MB free, 8134.05 MB total
[2018.01.13-05.15.54:892][  0]LogMemory: Virtual Memory: 640.63 MB used,  2723.82 MB free, 134217728.00 MB total
[2018.01.13-05.15.55:002][  0]LogInit: Using OS detected language (en-US).
[2018.01.13-05.15.55:002][  0]LogInit: Using OS detected locale (en-US).
[2018.01.13-05.15.55:100][  0]LogTextLocalizationManager: No specific localization for 'en-US' exists, so the 'en' localization will be used.
[2018.01.13-05.15.58:441][  0]LogD3D11RHI: D3D11 adapters:
[2018.01.13-05.15.58:480][  0]LogD3D11RHI:    0. 'NVIDIA GeForce GTX 1050 Ti' (Feature Level 11_0)
[2018.01.13-05.15.58:480][  0]LogD3D11RHI:       3992/0/4067 MB DedicatedVideo/DedicatedSystem/SharedSystem, Outputs:1, VendorId:0x10de
[2018.01.13-05.15.58:481][  0]LogD3D11RHI:    1. 'Microsoft Basic Render Driver' (Feature Level 11_0)
[2018.01.13-05.15.58:481][  0]LogD3D11RHI:       0/0/256 MB DedicatedVideo/DedicatedSystem/SharedSystem, Outputs:0, VendorId:0x1414
[2018.01.13-05.15.58:481][  0]LogD3D11RHI: Chosen D3D11 Adapter: 0
[2018.01.13-05.15.58:484][  0]LogD3D11RHI: Creating new Direct3DDevice
[2018.01.13-05.15.58:484][  0]LogD3D11RHI:     GPU DeviceId: 0x1c82 (for the marketing name, search the web for "GPU Device Id")
[2018.01.13-05.15.58:484][  0]LogWindows: EnumDisplayDevices:
[2018.01.13-05.15.58:484][  0]LogWindows:    0. 'NVIDIA GeForce GTX 1050 Ti' (P:1 D:1)
[2018.01.13-05.15.58:485][  0]LogWindows:    1. 'NVIDIA GeForce GTX 1050 Ti' (P:0 D:0)
[2018.01.13-05.15.58:485][  0]LogWindows:    2. 'NVIDIA GeForce GTX 1050 Ti' (P:0 D:0)
[2018.01.13-05.15.58:485][  0]LogWindows:    3. 'NVIDIA GeForce GTX 1050 Ti' (P:0 D:0)
[2018.01.13-05.15.58:485][  0]LogWindows: DebugString: FoundDriverCount:4 
[2018.01.13-05.15.58:485][  0]LogD3D11RHI:     Adapter Name: NVIDIA GeForce GTX 1050 Ti
[2018.01.13-05.15.58:485][  0]LogD3D11RHI:   Driver Version: 388.13 (internal:23.21.13.8813, unified:388.13)
[2018.01.13-05.15.58:485][  0]LogD3D11RHI:      Driver Date: 10-27-2017
[2018.01.13-05.15.58:485][  0]LogRHI: Texture pool is 2794 MB (70% of 3992 MB)
[2018.01.13-05.15.58:510][  0]LogD3D11RHI: Async texture creation enabled
[2018.01.13-05.15.58:742][  0]LogD3D11RHI: GPU Timing Frequency: 1000.000000 (Debug: 2 2)
[2018.01.13-05.15.58:792][  0]LogShaderCompilers: Guid format shader working directory is -29 characters bigger than the processId version (../../../../../../Users/Ryan/source/repos/03_BuildingEscape/EscapeBuilding/Intermediate/Shaders/WorkingDirectory/8544/).
[2018.01.13-05.15.58:792][  0]LogShaderCompilers: Cleaned the shader compiler working directory 'C:/Users/Ryan/AppData/Local/Temp/UnrealShaderWorkingDir/317A40E34476F029D290FB94AFB92D74/'.
[2018.01.13-05.15.58:792][  0]LogShaderCompilers: Display: Using Local Shader Compiler.
[2018.01.13-05.16.01:057][  0]LogTemp: Display: Loaded TP AllDesktopTargetPlatform
[2018.01.13-05.16.01:096][  0]LogTemp: Display: Loaded TP MacClientTargetPlatform
[2018.01.13-05.16.01:135][  0]LogTemp: Display: Loaded TP MacNoEditorTargetPlatform
[2018.01.13-05.16.01:174][  0]LogTemp: Display: Loaded TP MacServerTargetPlatform
[2018.01.13-05.16.01:264][  0]LogTemp: Display: Loaded TP MacTargetPlatform
[2018.01.13-05.16.01:303][  0]LogTemp: Display: Loaded TP WindowsClientTargetPlatform
[2018.01.13-05.16.01:344][  0]LogTemp: Display: Loaded TP WindowsNoEditorTargetPlatform
[2018.01.13-05.16.01:383][  0]LogTemp: Display: Loaded TP WindowsServerTargetPlatform
[2018.01.13-05.16.01:417][  0]LogTemp: Display: Loaded TP WindowsTargetPlatform
[2018.01.13-05.16.01:455][  0]LogTemp: Display: Loaded TP Android_ASTCTargetPlatform
[2018.01.13-05.16.01:493][  0]LogTemp: Display: Loaded TP Android_ATCTargetPlatform
[2018.01.13-05.16.01:532][  0]LogTemp: Display: Loaded TP Android_DXTTargetPlatform
[2018.01.13-05.16.01:570][  0]LogTemp: Display: Loaded TP Android_ETC1TargetPlatform
[2018.01.13-05.16.01:608][  0]LogTemp: Display: Loaded TP Android_ETC2TargetPlatform
[2018.01.13-05.16.01:685][  0]LogTemp: Display: Loaded TP Android_MultiTargetPlatform
[2018.01.13-05.16.01:685][  0]LogTemp: Display: Loaded TP Android_PVRTCTargetPlatform
[2018.01.13-05.16.01:770][  0]LogTemp: Display: Loaded TP AndroidTargetPlatform
[2018.01.13-05.16.01:798][  0]LogTemp: Display: Loaded TP HTML5TargetPlatform
[2018.01.13-05.16.02:036][  0]LogTemp: Display: Loaded TP IOSTargetPlatform
[2018.01.13-05.16.02:073][  0]LogTemp: Display: Loaded TP TVOSTargetPlatform
[2018.01.13-05.16.02:111][  0]LogTemp: Display: Loaded TP LinuxClientTargetPlatform
[2018.01.13-05.16.02:149][  0]LogTemp: Display: Loaded TP LinuxNoEditorTargetPlatform
[2018.01.13-05.16.02:187][  0]LogTemp: Display: Loaded TP LinuxServerTargetPlatform
[2018.01.13-05.16.02:242][  0]LogTemp: Display: Loaded TP LinuxTargetPlatform
[2018.01.13-05.16.02:242][  0]LogTargetPlatformManager: Display: Building Assets For Windows
[2018.01.13-05.16.02:585][  0]LogDerivedDataCache: Display: Max Cache Size: 512 MB
[2018.01.13-05.16.02:694][  0]LogDerivedDataCache: Loaded boot cache 0.11s 78MB C:/Users/Ryan/AppData/Local/UnrealEngine/4.18/DerivedDataCache/Boot.ddc.
[2018.01.13-05.16.02:694][  0]LogDerivedDataCache: Display: Loaded Boot cache: C:/Users/Ryan/AppData/Local/UnrealEngine/4.18/DerivedDataCache/Boot.ddc
[2018.01.13-05.16.02:694][  0]LogDerivedDataCache: FDerivedDataBackendGraph:  Pak pak cache file ../../../../../../Users/Ryan/source/repos/03_BuildingEscape/EscapeBuilding/DerivedDataCache/DDC.ddp not found, will not use a pak cache.
[2018.01.13-05.16.02:694][  0]LogDerivedDataCache: Unable to find inner node Pak for hierarchical cache Hierarchy.
[2018.01.13-05.16.02:694][  0]LogDerivedDataCache: FDerivedDataBackendGraph:  CompressedPak pak cache file ../../../../../../Users/Ryan/source/repos/03_BuildingEscape/EscapeBuilding/DerivedDataCache/Compressed.ddp not found, will not use a pak cache.
[2018.01.13-05.16.02:694][  0]LogDerivedDataCache: Unable to find inner node CompressedPak for hierarchical cache Hierarchy.
[2018.01.13-05.16.02:711][  0]LogDerivedDataCache: Display: Pak cache opened for reading ../../../Engine/DerivedDataCache/Compressed.ddp.
[2018.01.13-05.16.02:723][  0]LogDerivedDataCache: Using Local data cache path C:/Users/Ryan/AppData/Local/UnrealEngine/Common/DerivedDataCache: Writable
[2018.01.13-05.16.02:732][  0]LogMaterial: Verifying Global Shaders for PCD3D_SM5
[2018.01.13-05.16.02:732][  0]LogSlate: Using Freetype 2.6.0
[2018.01.13-05.16.02:795][  0]LogSlate: SlateFontCache - WITH_FREETYPE: 1, WITH_HARFBUZZ: 1
[2018.01.13-05.16.02:795][  0]LogSlate: SlateFontCache - WITH_FREETYPE: 1, WITH_HARFBUZZ: 1
[2018.01.13-05.16.03:753][  0]LogInit: Selected Device Profile: [Windows]
[2018.01.13-05.16.04:031][  0]LogSimplygon: Simplygon DLL not present - disabling.
[2018.01.13-05.16.04:061][  0]LogMeshReduction: Using SimplygonSwarm for distributed automatic mesh merging
[2018.01.13-05.16.04:061][  0]LogMeshReduction: Using QuadricMeshReduction for automatic static mesh reduction
[2018.01.13-05.16.04:061][  0]LogMeshReduction: No automatic skeletal mesh reduction module available
[2018.01.13-05.16.04:061][  0]LogMeshReduction: No automatic mesh merging module available
[2018.01.13-05.16.04:061][  0]LogMeshMerging: No automatic mesh merging module available
[2018.01.13-05.16.04:086][  0]LogNetVersion: EscapeBuilding , NetCL: 3709383, EngineNetVer: 2, GameNetVer: 0 (Checksum: 2743708082)
[2018.01.13-05.16.04:229][  0]LogAssetRegistry: FAssetRegistry took 0.0260 seconds to start up
[2018.01.13-05.16.04:732][  0]LogPackageLocalizationCache: Processed 7 localized package path(s) for 2 prioritized culture(s) in 0.070522 seconds
[2018.01.13-05.16.04:738][  0]LogUObjectArray: 35900 objects as part of root set at end of initial load.
[2018.01.13-05.16.04:738][  0]LogUObjectAllocator: 7372024 out of 0 bytes used by permanent object pool.
[2018.01.13-05.16.04:738][  0]LogUObjectArray: CloseDisregardForGC: 0/0 objects in disregard for GC pool
[2018.01.13-05.16.04:778][  0]LogInit: WinSock: version 1.1 (2.2), MaxSocks=32767, MaxUdp=65467
[2018.01.13-05.16.25:695][  0]LogTcpMessaging: Initializing TcpMessaging bridge
[2018.01.13-05.16.25:731][  0]LogUdpMessaging: Initializing bridge on interface 0.0.0.0:0 to multicast group 230.0.0.1:6666.
[2018.01.13-05.16.26:396][  0]LogMaterial: Uniform references updated for custom material expression Custom.
[2018.01.13-05.16.26:801][  0]SourceControl: Source control is disabled
[2018.01.13-05.16.26:801][  0]SourceControl: Source control is disabled
[2018.01.13-05.16.26:844][  0]SourceControl: Source control is disabled
[2018.01.13-05.16.26:886][  0]SourceControl: Source control is disabled
[2018.01.13-05.16.27:817][  0]LogAndroidPermission: UAndroidPermissionCallbackProxy::GetInstance
[2018.01.13-05.16.28:034][  0]LogOcInput: OculusInput pre-init called
[2018.01.13-05.16.28:391][  0]LogEngine: Initializing Engine...
[2018.01.13-05.16.28:395][  0]LogHMD: Failed to initialize OpenVR with code 110
[2018.01.13-05.16.28:799][  0]LogStats: UGameplayTagsManager::ConstructGameplayTagTree: Construct from data asset -  0.000 s
[2018.01.13-05.16.28:799][  0]LogStats: UGameplayTagsManager::ConstructGameplayTagTree: GameplayTagTreeChangedEvent.Broadcast -  0.000 s
[2018.01.13-05.16.31:883][  0]LogAIModule: Creating AISystem for world Untitled
[2018.01.13-05.16.31:893][  0]LogInit: XAudio2 using 'Speakers (Turtle Beach P12)' : 2 channels at 44.1 kHz using 16 bits per sample (channel mask 0x3)
[2018.01.13-05.16.31:900][  0]LogInit: FAudioDevice initialized.
[2018.01.13-05.16.33:781][  0]LogDerivedDataCache: Saved boot cache 1.88s 78MB C:/Users/Ryan/AppData/Local/UnrealEngine/4.18/DerivedDataCache/Boot.ddc.
[2018.01.13-05.16.33:801][  0]LogInit: Texture streaming: Enabled
[2018.01.13-05.16.33:896][  0]LogEngineSessionManager: EngineSessionManager initialized
[2018.01.13-05.16.34:007][  0]LogInit: Transaction tracking system initialized
[2018.01.13-05.16.34:287][  0]BlueprintLog: New page: Editor Load
[2018.01.13-05.16.35:230][  0]LocalizationService: Localization service is disabled
[2018.01.13-05.16.35:943][  0]LogConsoleResponse: Display: 
[2018.01.13-05.16.36:469][  0]LogCook: Display: Max memory allowance for cook 16384mb min free memory 0mb
[2018.01.13-05.16.36:469][  0]LogCook: Display: Mobile HDR setting 1
[2018.01.13-05.16.36:469][  0]LogGameplayTags: Display: UGameplayTagsManager::DoneAddingNativeTags. DelegateIsBound: 0
[2018.01.13-05.16.37:597][  0]LogFileCache: Scanning file cache for directory 'C:/Users/Ryan/source/repos/03_BuildingEscape/EscapeBuilding/Content/' took 0.02s
[2018.01.13-05.16.37:643][  0]SourceControl: Source control is disabled
[2018.01.13-05.16.37:643][  0]Cmd: MAP LOAD FILE="../../../../../../Users/Ryan/source/repos/03_BuildingEscape/EscapeBuilding/Content/NewMap.umap" TEMPLATE=0 SHOWPROGRESS=1 FEATURELEVEL=3
[2018.01.13-05.16.37:643][  0]LightingResults: New page: Lighting Build
[2018.01.13-05.16.37:678][  0]MapCheck: New page: Map Check
[2018.01.13-05.16.37:678][  0]LightingResults: New page: Lighting Build
[2018.01.13-05.16.38:920][  0]LogAIModule: Creating AISystem for world NewMap
[2018.01.13-05.16.38:925][  0]LogEditorServer: Finished looking for orphan Actors (0.000 secs)
[2018.01.13-05.16.38:938][  0]Cmd: MAP CHECKDEP NOCLEARLOG
[2018.01.13-05.16.38:986][  0]MapCheck: Map check complete: 0 Error(s), 0 Warning(s), took 47.177ms to complete.
[2018.01.13-05.16.38:986][  0]LogFileHelpers: Loading map 'NewMap' took 1.342
[2018.01.13-05.16.39:211][  0]LogCollectionManager: Loaded 0 collections in 0.001174 seconds
[2018.01.13-05.16.39:277][  0]LogFileCache: Scanning file cache for directory 'C:/Users/Ryan/source/repos/03_BuildingEscape/EscapeBuilding/Saved/Collections/' took 0.01s
[2018.01.13-05.16.39:278][  0]LogFileCache: Scanning file cache for directory 'C:/Users/Ryan/source/repos/03_BuildingEscape/EscapeBuilding/Content/Developers/Ryan/Collections/' took 0.01s
[2018.01.13-05.16.39:278][  0]LogFileCache: Scanning file cache for directory 'C:/Users/Ryan/source/repos/03_BuildingEscape/EscapeBuilding/Content/Collections/' took 0.01s
[2018.01.13-05.16.39:278][  0]LogCollectionManager: Rebuilt the GUID cache for 0 collections in 0.000000 seconds
[2018.01.13-05.16.39:285][  0]LogContentBrowser: Native class hierarchy populated in 0.0076 seconds. Added 2367 classes and 523 folders.
[2018.01.13-05.16.39:335][  0]LogContentBrowser: Native class hierarchy updated for 'WidgetCarousel' in 0.0005 seconds. Added 0 classes and 0 folders.
[2018.01.13-05.16.40:553][  0]LogContentBrowser: Native class hierarchy updated for 'AddContentDialog' in 0.0005 seconds. Added 0 classes and 0 folders.
[2018.01.13-05.16.40:686][  0]LogContentBrowser: Native class hierarchy updated for 'HierarchicalLODOutliner' in 0.0005 seconds. Added 1 classes and 2 folders.
[2018.01.13-05.16.40:686][  0]LogLoad: (Engine Initialization) Total time: 71.19 seconds
[2018.01.13-05.16.40:686][  0]LogLoad: (Engine Initialization) Total Blueprint compile time: 0.00 seconds
[2018.01.13-05.16.40:686][  0]LogExternalProfiler: No external profilers were discovered.  External profiling features will not be available.
[2018.01.13-05.16.40:714][  0]LogContentStreaming: Texture pool size now 1000 MB
[2018.01.13-05.16.40:716][  0]LogSlate: Took 0.000183 seconds to synchronously load lazily loaded font '../../../Engine/Content/Slate/Fonts/Roboto-Regular.ttf' (155K)
[2018.01.13-05.16.40:719][  0]LogSlate: Took 0.000181 seconds to synchronously load lazily loaded font '../../../Engine/Content/Slate/Fonts/Roboto-Bold.ttf' (160K)
[2018.01.13-05.16.40:868][  0]LogSlate: Took 0.146692 seconds to synchronously load lazily loaded font '../../../Engine/Content/Editor/Slate/Fonts/FontAwesome.ttf' (139K)
[2018.01.13-05.16.40:911][  0]LogSlate: Took 0.042941 seconds to synchronously load lazily loaded font '../../../Engine/Content/Editor/Slate/Fonts/DroidSansMono.ttf' (77K)
[2018.01.13-05.16.41:234][  1]LogAssetRegistry: Asset discovery search completed in 37.0269 seconds
[2018.01.13-05.16.41:236][  1]LogCollectionManager: Rebuilt the object cache for 0 collections in 0.000000 seconds (found 0 objects)
[2018.01.13-05.16.41:236][  1]LogCollectionManager: Fixed up redirectors for 0 collections in 0.000236 seconds (updated 0 objects)
[2018.01.13-05.16.41:267][  2]LogRenderer: Reallocating scene render targets to support 508x500 Format 10 NumSamples 1 (Frame:1).
[2018.01.13-05.16.56:316][301]LogWindowsTextInputMethodSystem: Display: IME system now deactivated.
[2018.01.13-05.16.56:603][302]Cmd: QUIT_EDITOR
[2018.01.13-05.16.56:627][302]LogExit: Preparing to exit.
[2018.01.13-05.16.56:797][302]LogDirectoryWatcher: A directory notification for 'C:/Users/Ryan/source/repos/03_BuildingEscape/EscapeBuilding/Content/' was aborted.
[2018.01.13-05.16.56:832][302]LogExit: Editor shut down
[2018.01.13-05.16.56:837][302]LogExit: Transaction tracking system shut down
[2018.01.13-05.16.56:931][302]LogDirectoryWatcher: A directory notification for '../../../Engine/Content/' was aborted.
[2018.01.13-05.16.56:931][302]LogDirectoryWatcher: A directory notification for '../../../../../../Users/Ryan/source/repos/03_BuildingEscape/EscapeBuilding/Content/' was aborted.
[2018.01.13-05.16.56:932][302]LogDirectoryWatcher: A directory notification for '../../../Engine/Plugins/2D/Paper2D/Content/' was aborted.
[2018.01.13-05.16.56:932][302]LogDirectoryWatcher: A directory notification for '../../../Engine/Plugins/Media/MediaCompositing/Content/' was aborted.
[2018.01.13-05.16.56:932][302]LogDirectoryWatcher: A directory notification for '../../../Engine/Plugins/Runtime/AppleARKit/Content/' was aborted.
[2018.01.13-05.16.56:932][302]LogDirectoryWatcher: A directory notification for '../../../Engine/Plugins/Runtime/Oculus/OculusVR/Content/' was aborted.
[2018.01.13-05.16.56:932][302]LogDirectoryWatcher: A directory notification for '../../../Engine/Plugins/Runtime/Steam/SteamVR/Content/' was aborted.
[2018.01.13-05.16.56:974][302]LogExit: Object subsystem successfully closed.
[2018.01.13-05.16.57:083][302]LogD3D11RHI: Shutdown
[2018.01.13-05.16.57:083][302]LogD3D11RHI: CleanupD3DDevice
[2018.01.13-05.16.57:112][302]LogD3D11RHI: ~FD3D11DynamicRHI
[2018.01.13-05.16.57:124][302]LogModuleManager: Shutting down and abandoning module HierarchicalLODOutliner (550)
[2018.01.13-05.16.57:124][302]LogModuleManager: Shutting down and abandoning module AddContentDialog (548)
[2018.01.13-05.16.57:135][302]LogDirectoryWatcher: A directory notification for 'C:/Program Files/Epic Games/UE_4.18/FeaturePacks/' was aborted.
[2018.01.13-05.16.57:137][302]LogModuleManager: Shutting down and abandoning module WidgetCarousel (547)
[2018.01.13-05.16.57:137][302]LogModuleManager: Shutting down and abandoning module EditorWidgets (544)
[2018.01.13-05.16.57:137][302]LogModuleManager: Shutting down and abandoning module CollectionManager (542)
[2018.01.13-05.16.57:137][302]LogDirectoryWatcher: A directory notification for 'C:/Users/Ryan/source/repos/03_BuildingEscape/EscapeBuilding/Content/Collections/' was aborted.
[2018.01.13-05.16.57:137][302]LogDirectoryWatcher: A directory notification for 'C:/Users/Ryan/source/repos/03_BuildingEscape/EscapeBuilding/Content/Developers/Ryan/Collections/' was aborted.
[2018.01.13-05.16.57:137][302]LogDirectoryWatcher: A directory notification for 'C:/Users/Ryan/source/repos/03_BuildingEscape/EscapeBuilding/Saved/Collections/' was aborted.
[2018.01.13-05.16.57:137][302]LogModuleManager: Shutting down and abandoning module SceneOutliner (540)
[2018.01.13-05.16.57:137][302]LogModuleManager: Shutting down and abandoning module StatsViewer (538)
[2018.01.13-05.16.57:137][302]LogModuleManager: Shutting down and abandoning module FoliageEdit (536)
[2018.01.13-05.16.57:137][302]LogModuleManager: Shutting down and abandoning module LandscapeEditor (534)
[2018.01.13-05.16.57:137][302]LogModuleManager: Shutting down and abandoning module MeshPaintMode (532)
[2018.01.13-05.16.57:137][302]LogModuleManager: Shutting down and abandoning module SceneDepthPickerMode (530)
[2018.01.13-05.16.57:137][302]LogModuleManager: Shutting down and abandoning module ActorPickerMode (528)
[2018.01.13-05.16.57:137][302]LogModuleManager: Shutting down and abandoning module GeometryMode (526)
[2018.01.13-05.16.57:137][302]LogModuleManager: Shutting down and abandoning module TextureAlignMode (524)
[2018.01.13-05.16.57:137][302]LogModuleManager: Shutting down and abandoning module BspMode (522)
[2018.01.13-05.16.57:137][302]LogModuleManager: Shutting down and abandoning module PIEPreviewDeviceProfileSelector (520)
[2018.01.13-05.16.57:137][302]LogModuleManager: Shutting down and abandoning module HardwareSurvey (518)
[2018.01.13-05.16.57:137][302]LogModuleManager: Shutting down and abandoning module SequenceRecorderSections (516)
[2018.01.13-05.16.57:137][302]LogModuleManager: Shutting down and abandoning module AutomationWorker (514)
[2018.01.13-05.16.57:137][302]LogModuleManager: Shutting down and abandoning module MatineeToLevelSequence (512)
[2018.01.13-05.16.57:137][302]LogModuleManager: Shutting down and abandoning module LevelSequenceEditor (510)
[2018.01.13-05.16.57:138][302]LogModuleManager: Shutting down and abandoning module PlacementMode (509)
[2018.01.13-05.16.57:138][302]LogModuleManager: Shutting down and abandoning module WmfMediaFactory (506)
[2018.01.13-05.16.57:138][302]LogModuleManager: Shutting down and abandoning module WmfMediaEditor (504)
[2018.01.13-05.16.57:138][302]LogModuleManager: Shutting down and abandoning module OpenExrWrapper (502)
[2018.01.13-05.16.57:138][302]LogModuleManager: Shutting down and abandoning module ImgMediaFactory (500)
[2018.01.13-05.16.57:138][302]LogModuleManager: Shutting down and abandoning module ImgMediaEditor (498)
[2018.01.13-05.16.57:138][302]LogModuleManager: Shutting down and abandoning module AvfMediaFactory (496)
[2018.01.13-05.16.57:138][302]LogModuleManager: Shutting down and abandoning module AvfMediaEditor (494)
[2018.01.13-05.16.57:138][302]LogModuleManager: Shutting down and abandoning module AndroidMediaFactory (492)
[2018.01.13-05.16.57:138][302]LogModuleManager: Shutting down and abandoning module AndroidMediaEditor (490)
[2018.01.13-05.16.57:138][302]LogModuleManager: Shutting down and abandoning module CharacterAI (488)
[2018.01.13-05.16.57:138][302]LogModuleManager: Shutting down and abandoning module AudioCapture (486)
[2018.01.13-05.16.57:138][302]LogModuleManager: Shutting down and abandoning module SequenceRecorder (485)
[2018.01.13-05.16.57:138][302]LogModuleManager: Shutting down and abandoning module SmartSnapping (482)
[2018.01.13-05.16.57:138][302]LogModuleManager: Shutting down and abandoning module SessionServices (480)
[2018.01.13-05.16.57:138][302]LogModuleManager: Shutting down and abandoning module ViewportSnapping (478)
[2018.01.13-05.16.57:138][302]LogModuleManager: Shutting down and abandoning module ViewportInteraction (476)
[2018.01.13-05.16.57:138][302]LogModuleManager: Shutting down and abandoning module ClothPainter (474)
[2018.01.13-05.16.57:138][302]LogModuleManager: Shutting down and abandoning module SkeletalMeshEditor (473)
[2018.01.13-05.16.57:138][302]LogModuleManager: Shutting down and abandoning module LogVisualizer (470)
[2018.01.13-05.16.57:138][302]LogModuleManager: Shutting down and abandoning module IntroTutorials (468)
[2018.01.13-05.16.57:141][302]LogModuleManager: Shutting down and abandoning module GameProjectGeneration (467)
[2018.01.13-05.16.57:141][302]LogModuleManager: Shutting down and abandoning module IOSPlatformEditor (464)
[2018.01.13-05.16.57:141][302]LogModuleManager: Shutting down and abandoning module HTML5PlatformEditor (462)
[2018.01.13-05.16.57:141][302]LogModuleManager: Shutting down and abandoning module AndroidPlatformEditor (460)
[2018.01.13-05.16.57:141][302]LogModuleManager: Shutting down and abandoning module AndroidDeviceDetection (459)
[2018.01.13-05.16.57:638][302]LogModuleManager: Shutting down and abandoning module WindowsPlatformEditor (456)
[2018.01.13-05.16.57:638][302]LogModuleManager: Shutting down and abandoning module IOSRuntimeSettings (454)
[2018.01.13-05.16.57:638][302]LogModuleManager: Shutting down and abandoning module AndroidRuntimeSettings (452)
[2018.01.13-05.16.57:638][302]LogModuleManager: Shutting down and abandoning module InputBindingEditor (450)
[2018.01.13-05.16.57:638][302]LogModuleManager: Shutting down and abandoning module MergeActors (448)
[2018.01.13-05.16.57:638][302]LogModuleManager: Shutting down and abandoning module SizeMap (446)
[2018.01.13-05.16.57:639][302]LogModuleManager: Shutting down and abandoning module TreeMap (444)
[2018.01.13-05.16.57:639][302]LogModuleManager: Shutting down and abandoning module ReferenceViewer (442)
[2018.01.13-05.16.57:639][302]LogModuleManager: Shutting down and abandoning module LocalizationDashboard (440)
[2018.01.13-05.16.57:639][302]LogModuleManager: Shutting down and abandoning module LocalizationService (439)
[2018.01.13-05.16.57:639][302]LogModuleManager: Shutting down and abandoning module HardwareTargeting (436)
[2018.01.13-05.16.57:639][302]LogModuleManager: Shutting down and abandoning module DeviceProfileEditor (434)
[2018.01.13-05.16.57:639][302]LogModuleManager: Shutting down and abandoning module UndoHistory (432)
[2018.01.13-05.16.57:639][302]LogModuleManager: Shutting down and abandoning module XmlParser (430)
[2018.01.13-05.16.57:639][302]LogModuleManager: Shutting down and abandoning module Blutility (428)
[2018.01.13-05.16.57:639][302]LogModuleManager: Shutting down and abandoning module ProjectSettingsViewer (426)
[2018.01.13-05.16.57:639][302]LogModuleManager: Shutting down and abandoning module ProjectTargetPlatformEditor (425)
[2018.01.13-05.16.57:639][302]LogModuleManager: Shutting down and abandoning module EditorSettingsViewer (422)
[2018.01.13-05.16.57:639][302]LogModuleManager: Shutting down and abandoning module SettingsEditor (420)
[2018.01.13-05.16.57:639][302]LogModuleManager: Shutting down and abandoning module ProjectLauncher (418)
[2018.01.13-05.16.57:639][302]LogModuleManager: Shutting down and abandoning module SessionFrontend (416)
[2018.01.13-05.16.57:639][302]LogModuleManager: Shutting down and abandoning module ProfilerClient (414)
[2018.01.13-05.16.57:639][302]LogModuleManager: Shutting down and abandoning module DeviceManager (412)
[2018.01.13-05.16.57:639][302]LogModuleManager: Shutting down and abandoning module TargetDeviceServices (411)
[2018.01.13-05.16.57:683][302]LogModuleManager: Shutting down and abandoning module AutomationController (408)
[2018.01.13-05.16.57:683][302]LogModuleManager: Shutting down and abandoning module AutomationWindow (406)
[2018.01.13-05.16.57:683][302]LogModuleManager: Shutting down and abandoning module Layers (404)
[2018.01.13-05.16.57:683][302]LogModuleManager: Shutting down and abandoning module ComponentVisualizers (402)
[2018.01.13-05.16.57:683][302]LogModuleManager: Shutting down and abandoning module DetailCustomizations (400)
[2018.01.13-05.16.57:683][302]LogModuleManager: Shutting down and abandoning module PackagesDialog (398)
[2018.01.13-05.16.57:683][302]LogModuleManager: Shutting down and abandoning module Persona (396)
[2018.01.13-05.16.57:683][302]LogModuleManager: Shutting down and abandoning module AdvancedPreviewScene (395)
[2018.01.13-05.16.57:683][302]LogModuleManager: Shutting down and abandoning module AnimGraph (393)
[2018.01.13-05.16.57:683][302]LogModuleManager: Shutting down and abandoning module Kismet (390)
[2018.01.13-05.16.57:683][302]LogModuleManager: Shutting down and abandoning module ClassViewer (388)
[2018.01.13-05.16.57:683][302]LogModuleManager: Shutting down and abandoning module Toolbox (386)
[2018.01.13-05.16.57:683][302]LogModuleManager: Shutting down and abandoning module ModuleUI (384)
[2018.01.13-05.16.57:683][302]LogModuleManager: Shutting down and abandoning module MovieSceneTools (382)
[2018.01.13-05.16.57:683][302]LogModuleManager: Shutting down and abandoning module OutputLog (380)
[2018.01.13-05.16.57:683][302]LogModuleManager: Shutting down and abandoning module GammaUI (378)
[2018.01.13-05.16.57:683][302]LogModuleManager: Shutting down and abandoning module Documentation (376)
[2018.01.13-05.16.57:683][302]LogModuleManager: Shutting down and abandoning module MovieSceneTracks (374)
[2018.01.13-05.16.57:683][302]LogModuleManager: Shutting down and abandoning module MovieScene (372)
[2018.01.13-05.16.57:683][302]LogModuleManager: Shutting down and abandoning module StreamingPauseRendering (370)
[2018.01.13-05.16.57:683][302]LogModuleManager: Shutting down and abandoning module LauncherPlatform (368)
[2018.01.13-05.16.57:683][302]LogModuleManager: Shutting down and abandoning module AnalyticsET (366)
[2018.01.13-05.16.57:683][302]LogModuleManager: Shutting down and abandoning module PortalServices (364)
[2018.01.13-05.16.57:683][302]LogModuleManager: Shutting down and abandoning module PortalRpc (362)
[2018.01.13-05.16.57:683][302]LogModuleManager: Shutting down and abandoning module MessagingRpc (360)
[2018.01.13-05.16.57:683][302]LogModuleManager: Shutting down and abandoning module AIModule (358)
[2018.01.13-05.16.57:683][302]LogModuleManager: Shutting down and abandoning module GameplayDebugger (357)
[2018.01.13-05.16.57:683][302]LogModuleManager: Shutting down and abandoning module AITestSuite (355)
[2018.01.13-05.16.57:683][302]LogModuleManager: Shutting down and abandoning module ProfilerService (352)
[2018.01.13-05.16.57:847][302]LogModuleManager: Shutting down and abandoning module TaskGraph (350)
[2018.01.13-05.16.57:847][302]LogModuleManager: Shutting down and abandoning module SteamVRController (348)
[2018.01.13-05.16.57:847][302]LogModuleManager: Shutting down and abandoning module ProceduralMeshComponentEditor (346)
[2018.01.13-05.16.57:847][302]LogModuleManager: Shutting down and abandoning module ProceduralMeshComponent (344)
[2018.01.13-05.16.57:847][302]LogModuleManager: Shutting down and abandoning module OculusInput (342)
[2018.01.13-05.16.57:847][302]LogModuleManager: Shutting down and abandoning module MobilePatchingUtils (340)
[2018.01.13-05.16.57:847][302]LogModuleManager: Shutting down and abandoning module CustomMeshComponent (338)
[2018.01.13-05.16.57:847][302]LogModuleManager: Shutting down and abandoning module CableComponent (336)
[2018.01.13-05.16.57:847][302]LogModuleManager: Shutting down and abandoning module ArchVisCharacter (334)
[2018.01.13-05.16.57:847][302]LogModuleManager: Shutting down and abandoning module AndroidPermission (332)
[2018.01.13-05.16.57:847][302]LogModuleManager: Shutting down and abandoning module ActorSequence (328)
[2018.01.13-05.16.57:847][302]LogModuleManager: Shutting down and abandoning module MediaPlayerEditor (326)
[2018.01.13-05.16.57:847][302]LogModuleManager: Shutting down and abandoning module MediaCompositingEditor (324)
[2018.01.13-05.16.57:847][302]LogModuleManager: Shutting down and abandoning module MediaCompositing (322)
[2018.01.13-05.16.57:847][302]LogModuleManager: Shutting down and abandoning module HTML5Networking (320)
[2018.01.13-05.16.57:847][302]LogModuleManager: Shutting down and abandoning module AlembicImporter (318)
[2018.01.13-05.16.57:847][302]LogModuleManager: Shutting down and abandoning module AlembicLibrary (317)
[2018.01.13-05.16.57:847][302]LogModuleManager: Shutting down and abandoning module GeometryCache (316)
[2018.01.13-05.16.57:847][302]LogModuleManager: Shutting down and abandoning module GeometryCacheEd (315)
[2018.01.13-05.16.57:847][302]LogModuleManager: Shutting down and abandoning module SpeedTreeImporter (310)
[2018.01.13-05.16.57:847][302]LogModuleManager: Shutting down and abandoning module PluginBrowser (308)
[2018.01.13-05.16.57:847][302]LogModuleManager: Shutting down and abandoning module MobileLauncherProfileWizard (306)
[2018.01.13-05.16.57:847][302]LogModuleManager: Shutting down and abandoning module VisualStudioSourceCodeAccess (304)
[2018.01.13-05.16.57:848][302]LogModuleManager: Shutting down and abandoning module VisualStudioCodeSourceCodeAccess (302)
[2018.01.13-05.16.57:848][302]LogModuleManager: Shutting down and abandoning module UObjectPlugin (300)
[2018.01.13-05.16.57:848][302]LogModuleManager: Shutting down and abandoning module SubversionSourceControl (298)
[2018.01.13-05.16.57:848][302]LogModuleManager: Shutting down and abandoning module PerforceSourceControl (296)
[2018.01.13-05.16.57:848][302]LogModuleManager: Shutting down and abandoning module GitSourceControl (294)
[2018.01.13-05.16.57:848][302]LogModuleManager: Shutting down and abandoning module SourceControl (293)
[2018.01.13-05.16.57:848][302]LogModuleManager: Shutting down and abandoning module LightPropagationVolumeEditor (290)
[2018.01.13-05.16.57:848][302]LogModuleManager: Shutting down and abandoning module PaperTiledImporter (288)
[2018.01.13-05.16.57:848][302]LogModuleManager: Shutting down and abandoning module PaperSpriteSheetImporter (286)
[2018.01.13-05.16.57:848][302]LogModuleManager: Shutting down and abandoning module Paper2DEditor (284)
[2018.01.13-05.16.57:848][302]LogModuleManager: Shutting down and abandoning module MeshPaint (283)
[2018.01.13-05.16.57:848][302]LogModuleManager: Shutting down and abandoning module LevelEditor (281)
[2018.01.13-05.16.57:849][302]LogModuleManager: Shutting down and abandoning module PixelInspectorModule (280)
[2018.01.13-05.16.57:849][302]LogModuleManager: Shutting down and abandoning module MainFrame (278)
[2018.01.13-05.16.57:849][302]LogModuleManager: Shutting down and abandoning module HotReload (277)
[2018.01.13-05.16.57:849][302]LogDirectoryWatcher: A directory notification for 'C:/Users/Ryan/source/repos/03_BuildingEscape/EscapeBuilding/Binaries/Win64' was aborted.
[2018.01.13-05.16.57:851][302]LogModuleManager: Shutting down and abandoning module EscapeBuilding (272)
[2018.01.13-05.16.57:851][302]LogModuleManager: Shutting down and abandoning module RuntimePhysXCooking (270)
[2018.01.13-05.16.57:851][302]LogModuleManager: Shutting down and abandoning module PhysXVehiclesEditor (268)
[2018.01.13-05.16.57:851][302]LogModuleManager: Shutting down and abandoning module PhysXVehicles (266)
[2018.01.13-05.16.57:851][302]LogModuleManager: Shutting down and abandoning module OculusEditor (264)
[2018.01.13-05.16.57:851][302]LogModuleManager: Shutting down and abandoning module LocationServicesBPLibrary (262)
[2018.01.13-05.16.57:851][302]LogModuleManager: Shutting down and abandoning module ImmediatePhysicsEditor (260)
[2018.01.13-05.16.57:851][302]LogModuleManager: Shutting down and abandoning module ImmediatePhysics (258)
[2018.01.13-05.16.57:851][302]LogModuleManager: Shutting down and abandoning module UdpMessaging (256)
[2018.01.13-05.16.57:952][302]LogModuleManager: Shutting down and abandoning module TcpMessaging (254)
[2018.01.13-05.16.58:053][302]LogModuleManager: Shutting down and abandoning module GameplayTagsEditor (252)
[2018.01.13-05.16.58:053][302]LogModuleManager: Shutting down and abandoning module FacialAnimationEditor (250)
[2018.01.13-05.16.58:053][302]LogModuleManager: Shutting down and abandoning module FacialAnimation (248)
[2018.01.13-05.16.58:053][302]LogModuleManager: Shutting down and abandoning module AssetManagerEditor (246)
[2018.01.13-05.16.58:053][302]LogModuleManager: Shutting down and abandoning module GraphEditor (245)
[2018.01.13-05.16.58:053][302]LogModuleManager: Shutting down and abandoning module ContentBrowser (243)
[2018.01.13-05.16.58:054][302]LogModuleManager: Shutting down and abandoning module LightPropagationVolumeRuntime (240)
[2018.01.13-05.16.58:054][302]LogModuleManager: Shutting down and abandoning module Paper2D (238)
[2018.01.13-05.16.58:054][302]LogModuleManager: Shutting down and abandoning module WindowsMoviePlayer (236)
[2018.01.13-05.16.58:054][302]LogModuleManager: Shutting down and abandoning module WmfMedia (234)
[2018.01.13-05.16.58:054][302]LogModuleManager: Shutting down and abandoning module ImgMedia (232)
[2018.01.13-05.16.58:054][302]LogModuleManager: Shutting down and abandoning module PacketHandler (230)
[2018.01.13-05.16.58:054][302]LogModuleManager: Shutting down and abandoning module ClothingSystemEditor (228)
[2018.01.13-05.16.58:054][302]LogModuleManager: Shutting down and abandoning module ClothingSystemRuntime (226)
[2018.01.13-05.16.58:054][302]LogModuleManager: Shutting down and abandoning module MediaAssets (224)
[2018.01.13-05.16.58:054][302]LogModuleManager: Shutting down and abandoning module Media (223)
[2018.01.13-05.16.58:060][302]LogModuleManager: Shutting down and abandoning module Overlay (220)
[2018.01.13-05.16.58:060][302]LogModuleManager: Shutting down and abandoning module OverlayEditor (219)
[2018.01.13-05.16.58:060][302]LogModuleManager: Shutting down and abandoning module VREditor (216)
[2018.01.13-05.16.58:060][302]LogModuleManager: Shutting down and abandoning module StringTableEditor (214)
[2018.01.13-05.16.58:060][302]LogModuleManager: Shutting down and abandoning module GameplayTasksEditor (212)
[2018.01.13-05.16.58:060][302]LogModuleManager: Shutting down and abandoning module BehaviorTreeEditor (210)
[2018.01.13-05.16.58:060][302]LogModuleManager: Shutting down and abandoning module FunctionalTesting (208)
[2018.01.13-05.16.58:060][302]LogModuleManager: Shutting down and abandoning module CollisionAnalyzer (206)
[2018.01.13-05.16.58:060][302]LogModuleManager: Shutting down and abandoning module WorkspaceMenuStructure (205)
[2018.01.13-05.16.58:060][302]LogModuleManager: Shutting down and abandoning module UMG (202)
[2018.01.13-05.16.58:060][302]LogModuleManager: Shutting down and abandoning module UMGEditor (201)
[2018.01.13-05.16.58:060][302]LogModuleManager: Shutting down and abandoning module Sequencer (200)
[2018.01.13-05.16.58:060][302]LogModuleManager: Shutting down and abandoning module MessageLog (197)
[2018.01.13-05.16.58:060][302]LogModuleManager: Shutting down and abandoning module SlateReflector (192)
[2018.01.13-05.16.58:061][302]LogModuleManager: Shutting down and abandoning module Slate (190)
[2018.01.13-05.16.58:061][302]LogModuleManager: Shutting down and abandoning module EditorStyle (188)
[2018.01.13-05.16.58:063][302]LogModuleManager: Shutting down and abandoning module MRMesh (186)
[2018.01.13-05.16.58:063][302]LogModuleManager: Shutting down and abandoning module SourceCodeAccess (184)
[2018.01.13-05.16.58:063][302]LogModuleManager: Shutting down and abandoning module HeadMountedDisplay (182)
[2018.01.13-05.16.58:063][302]LogModuleManager: Shutting down and abandoning module XAudio2 (180)
[2018.01.13-05.16.58:063][302]LogModuleManager: Shutting down and abandoning module Networking (178)
[2018.01.13-05.16.58:063][302]LogModuleManager: Shutting down and abandoning module Core (174)
[2018.01.13-05.16.58:063][302]LogModuleManager: Shutting down and abandoning module LevelSequence (170)
[2018.01.13-05.16.58:063][302]LogModuleManager: Shutting down and abandoning module DirectoryWatcher (168)
[2018.01.13-05.16.58:064][302]LogModuleManager: Shutting down and abandoning module KismetCompiler (166)
[2018.01.13-05.16.58:064][302]LogModuleManager: Shutting down and abandoning module MeshUtilities (164)
[2018.01.13-05.16.58:064][302]LogModuleManager: Shutting down and abandoning module MeshMergeUtilities (163)
[2018.01.13-05.16.58:064][302]LogModuleManager: Shutting down and abandoning module MeshReductionInterface (162)
[2018.01.13-05.16.58:064][302]LogModuleManager: Shutting down and abandoning module SimplygonSwarm (161)
[2018.01.13-05.16.58:064][302]LogModuleManager: Shutting down and abandoning module SimplygonMeshReduction (159)
[2018.01.13-05.16.58:064][302]LogModuleManager: Shutting down and abandoning module QuadricMeshReduction (157)
[2018.01.13-05.16.58:064][302]LogModuleManager: Shutting down and abandoning module MaterialBaking (153)
[2018.01.13-05.16.58:064][302]LogModuleManager: Shutting down and abandoning module DerivedDataCache (150)
[2018.01.13-05.16.58:252][302]LogDerivedDataCache: Shutdown
[2018.01.13-05.16.58:252][302]LogModuleManager: Shutting down and abandoning module TargetPlatform (148)
[2018.01.13-05.16.58:252][302]LogModuleManager: Shutting down and abandoning module VulkanShaderFormat (147)
[2018.01.13-05.16.58:252][302]LogModuleManager: Shutting down and abandoning module ShaderFormatVectorVM (145)
[2018.01.13-05.16.58:252][302]LogModuleManager: Shutting down and abandoning module ShaderFormatOpenGL (143)
[2018.01.13-05.16.58:252][302]LogModuleManager: Shutting down and abandoning module ShaderFormatD3D (141)
[2018.01.13-05.16.58:252][302]LogModuleManager: Shutting down and abandoning module MetalShaderFormat (139)
[2018.01.13-05.16.58:252][302]LogModuleManager: Shutting down and abandoning module TextureFormatUncompressed (137)
[2018.01.13-05.16.58:252][302]LogModuleManager: Shutting down and abandoning module TextureFormatPVR (135)
[2018.01.13-05.16.58:252][302]LogModuleManager: Shutting down and abandoning module TextureFormatDXT (133)
[2018.01.13-05.16.58:252][302]LogModuleManager: Shutting down and abandoning module TextureFormatIntelISPCTexComp (131)
[2018.01.13-05.16.58:252][302]LogModuleManager: Shutting down and abandoning module TextureFormatASTC (129)
[2018.01.13-05.16.58:252][302]LogModuleManager: Shutting down and abandoning module ImageWrapper (128)
[2018.01.13-05.16.58:252][302]LogModuleManager: Shutting down and abandoning module TextureFormatAndroid (125)
[2018.01.13-05.16.58:253][302]LogModuleManager: Shutting down and abandoning module AudioFormatOpus (123)
[2018.01.13-05.16.58:253][302]LogModuleManager: Shutting down and abandoning module AudioFormatOgg (121)
[2018.01.13-05.16.58:253][302]LogModuleManager: Shutting down and abandoning module AudioFormatADPCM (119)
[2018.01.13-05.16.58:253][302]LogModuleManager: Shutting down and abandoning module LinuxTargetPlatform (117)
[2018.01.13-05.16.58:253][302]LogModuleManager: Shutting down and abandoning module LinuxServerTargetPlatform (115)
[2018.01.13-05.16.58:253][302]LogModuleManager: Shutting down and abandoning module LinuxNoEditorTargetPlatform (113)
[2018.01.13-05.16.58:253][302]LogModuleManager: Shutting down and abandoning module LinuxClientTargetPlatform (111)
[2018.01.13-05.16.58:253][302]LogModuleManager: Shutting down and abandoning module TVOSTargetPlatform (109)
[2018.01.13-05.16.58:253][302]LogModuleManager: Shutting down and abandoning module Messaging (107)
[2018.01.13-05.16.58:253][302]LogModuleManager: Shutting down and abandoning module IOSTargetPlatform (105)
[2018.01.13-05.16.58:253][302]LogModuleManager: Shutting down and abandoning module HTML5TargetPlatform (103)
[2018.01.13-05.16.58:253][302]LogModuleManager: Shutting down and abandoning module AndroidTargetPlatform (101)
[2018.01.13-05.16.58:253][302]LogModuleManager: Shutting down and abandoning module Android_PVRTCTargetPlatform (99)
[2018.01.13-05.16.58:253][302]LogModuleManager: Shutting down and abandoning module Android_MultiTargetPlatform (97)
[2018.01.13-05.16.58:253][302]LogModuleManager: Shutting down and abandoning module Android_ETC2TargetPlatform (95)
[2018.01.13-05.16.58:253][302]LogModuleManager: Shutting down and abandoning module Android_ETC1TargetPlatform (93)
[2018.01.13-05.16.58:253][302]LogModuleManager: Shutting down and abandoning module Android_DXTTargetPlatform (91)
[2018.01.13-05.16.58:253][302]LogModuleManager: Shutting down and abandoning module Android_ATCTargetPlatform (89)
[2018.01.13-05.16.58:253][302]LogModuleManager: Shutting down and abandoning module Android_ASTCTargetPlatform (87)
[2018.01.13-05.16.58:253][302]LogModuleManager: Shutting down and abandoning module WindowsTargetPlatform (85)
[2018.01.13-05.16.58:253][302]LogModuleManager: Shutting down and abandoning module WindowsServerTargetPlatform (83)
[2018.01.13-05.16.58:253][302]LogModuleManager: Shutting down and abandoning module WindowsNoEditorTargetPlatform (81)
[2018.01.13-05.16.58:253][302]LogModuleManager: Shutting down and abandoning module WindowsClientTargetPlatform (79)
[2018.01.13-05.16.58:253][302]LogModuleManager: Shutting down and abandoning module MacTargetPlatform (77)
[2018.01.13-05.16.58:253][302]LogModuleManager: Shutting down and abandoning module MacServerTargetPlatform (75)
[2018.01.13-05.16.58:253][302]LogModuleManager: Shutting down and abandoning module MacNoEditorTargetPlatform (73)
[2018.01.13-05.16.58:253][302]LogModuleManager: Shutting down and abandoning module MacClientTargetPlatform (71)
[2018.01.13-05.16.58:253][302]LogModuleManager: Shutting down and abandoning module AllDesktopTargetPlatform (69)
[2018.01.13-05.16.58:253][302]LogModuleManager: Shutting down and abandoning module InputCore (66)
[2018.01.13-05.16.58:253][302]LogModuleManager: Shutting down and abandoning module Settings (64)
[2018.01.13-05.16.58:253][302]LogModuleManager: Shutting down and abandoning module PhysXCooking (62)
[2018.01.13-05.16.58:253][302]LogModuleManager: Shutting down and abandoning module SteamVR (60)
[2018.01.13-05.16.58:253][302]LogModuleManager: Shutting down and abandoning module OculusHMD (58)
[2018.01.13-05.16.58:253][302]LogModuleManager: Shutting down and abandoning module ExampleDeviceProfileSelector (56)
[2018.01.13-05.16.58:253][302]LogModuleManager: Shutting down and abandoning module AppleARKit (54)
[2018.01.13-05.16.58:253][302]LogModuleManager: Shutting down and abandoning module AugmentedReality (53)
[2018.01.13-05.16.58:253][302]LogModuleManager: Shutting down and abandoning module OnlineBlueprintSupport (50)
[2018.01.13-05.16.58:253][302]LogModuleManager: Shutting down and abandoning module OnlineSubsystem (46)
[2018.01.13-05.16.58:253][302]LogModuleManager: Shutting down and abandoning module XMPP (45)
[2018.01.13-05.16.58:253][302]LogModuleManager: Shutting down and abandoning module HTTP (43)
[2018.01.13-05.16.58:253][302]LogHttp: Display: Http module shutting down, but needs to wait on 1 outstanding Http requests:
[2018.01.13-05.16.58:253][302]LogHttp: Display: 	verb=[POST] url=[https://datarouter.ol.epicgames.com/datarouter/api/v1/public/data?SessionID=%7B6D12B15A-4CC4-BF22-B0F6-C8967006CBEB%7D&AppID=UEEditor.Rocket.Release&AppVersion=4.18.2-3794801%2B%2B%2BUE4%2BRelease-4.18&UserID=d80c8d6d42904b0f455c4eb93b0857fe%7C74cfd408622c497480a75c2cbe049a74%7Cfa24303f-da60-4cc6-8f52-a7ad58c3b64b&AppEnvironment=datacollector-binary&UploadType=eteventstream] status=Processing
[2018.01.13-05.16.58:277][302]LogModuleManager: Shutting down and abandoning module SSL (42)
[2018.01.13-05.16.58:279][302]LogModuleManager: Shutting down and abandoning module DesktopPlatform (38)
[2018.01.13-05.16.58:279][302]LogModuleManager: Shutting down and abandoning module AnimationModifiers (36)
[2018.01.13-05.16.58:279][302]LogModuleManager: Shutting down and abandoning module PropertyEditor (35)
[2018.01.13-05.16.58:279][302]LogModuleManager: Shutting down and abandoning module AudioEditor (32)
[2018.01.13-05.16.58:279][302]LogModuleManager: Shutting down and abandoning module TextureCompressor (30)
[2018.01.13-05.16.58:279][302]LogModuleManager: Shutting down and abandoning module ShaderCore (28)
[2018.01.13-05.16.58:279][302]LogModuleManager: Shutting down and abandoning module Landscape (26)
[2018.01.13-05.16.58:279][302]LogModuleManager: Shutting down and abandoning module SlateRHIRenderer (24)
[2018.01.13-05.16.58:279][302]LogModuleManager: Shutting down and abandoning module OpenGLDrv (22)
[2018.01.13-05.16.58:279][302]LogModuleManager: Shutting down and abandoning module D3D11RHI (20)
[2018.01.13-05.16.58:279][302]LogModuleManager: Shutting down and abandoning module AnimGraphRuntime (18)
[2018.01.13-05.16.58:279][302]LogModuleManager: Shutting down and abandoning module Renderer (16)
[2018.01.13-05.16.58:279][302]LogModuleManager: Shutting down and abandoning module Engine (14)
[2018.01.13-05.16.58:279][302]LogModuleManager: Shutting down and abandoning module CoreUObject (12)
[2018.01.13-05.16.58:279][302]LogModuleManager: Shutting down and abandoning module NetworkFile (10)
[2018.01.13-05.16.58:279][302]LogModuleManager: Shutting down and abandoning module CookedIterativeFile (8)
[2018.01.13-05.16.58:280][302]LogModuleManager: Shutting down and abandoning module StreamingFile (6)
[2018.01.13-05.16.58:280][302]LogModuleManager: Shutting down and abandoning module SandboxFile (4)
[2018.01.13-05.16.58:280][302]LogModuleManager: Shutting down and abandoning module PakFile (2)
[2018.01.13-05.16.58:282][302]LogExit: Exiting.
[2018.01.13-05.16.58:296][302]Log file closed, 01/12/18 21:16:58
